Start testing: Apr 05 17:21 UTC
----------------------------------------------------------
1/25 Testing: aligntype enum has expected values
1/25 Test: aligntype enum has expected values
Command: "/home/runner/work/vectorfontstorm/vectorfontstorm/build/tests/vectorfontstorm_tests" "aligntype enum has expected values"
Directory: /home/runner/work/vectorfontstorm/vectorfontstorm/build/tests
"aligntype enum has expected values" start time: Apr 05 17:21 UTC
Output:
----------------------------------------------------------
Filters: "aligntype enum has expected values"
Randomness seeded to: 3349549211
===============================================================================
All tests passed (7 assertions in 1 test case)

<end of output>
Test time =   0.00 sec
----------------------------------------------------------
Test Passed.
"aligntype enum has expected values" end time: Apr 05 17:21 UTC
"aligntype enum has expected values" time elapsed: 00:00:00
----------------------------------------------------------

2/25 Testing: buffer_data default construction yields empty containers
2/25 Test: buffer_data default construction yields empty containers
Command: "/home/runner/work/vectorfontstorm/vectorfontstorm/build/tests/vectorfontstorm_tests" "buffer_data default construction yields empty containers"
Directory: /home/runner/work/vectorfontstorm/vectorfontstorm/build/tests
"buffer_data default construction yields empty containers" start time: Apr 05 17:21 UTC
Output:
----------------------------------------------------------
Filters: "buffer_data default construction yields empty containers"
Randomness seeded to: 2732767258
===============================================================================
All tests passed (2 assertions in 1 test case)

<end of output>
Test time =   0.00 sec
----------------------------------------------------------
Test Passed.
"buffer_data default construction yields empty containers" end time: Apr 05 17:21 UTC
"buffer_data default construction yields empty containers" time elapsed: 00:00:00
----------------------------------------------------------

3/25 Testing: buffer_data can store vertices and indices
3/25 Test: buffer_data can store vertices and indices
Command: "/home/runner/work/vectorfontstorm/vectorfontstorm/build/tests/vectorfontstorm_tests" "buffer_data can store vertices and indices"
Directory: /home/runner/work/vectorfontstorm/vectorfontstorm/build/tests
"buffer_data can store vertices and indices" start time: Apr 05 17:21 UTC
Output:
----------------------------------------------------------
Filters: "buffer_data can store vertices and indices"
Randomness seeded to: 1138442644
===============================================================================
All tests passed (7 assertions in 1 test case)

<end of output>
Test time =   0.00 sec
----------------------------------------------------------
Test Passed.
"buffer_data can store vertices and indices" end time: Apr 05 17:21 UTC
"buffer_data can store vertices and indices" time elapsed: 00:00:00
----------------------------------------------------------

4/25 Testing: buffer_data is independently copyable
4/25 Test: buffer_data is independently copyable
Command: "/home/runner/work/vectorfontstorm/vectorfontstorm/build/tests/vectorfontstorm_tests" "buffer_data is independently copyable"
Directory: /home/runner/work/vectorfontstorm/vectorfontstorm/build/tests
"buffer_data is independently copyable" start time: Apr 05 17:21 UTC
Output:
----------------------------------------------------------
Filters: "buffer_data is independently copyable"
Randomness seeded to: 3793764453
===============================================================================
All tests passed (3 assertions in 1 test case)

<end of output>
Test time =   0.00 sec
----------------------------------------------------------
Test Passed.
"buffer_data is independently copyable" end time: Apr 05 17:21 UTC
"buffer_data is independently copyable" time elapsed: 00:00:00
----------------------------------------------------------

5/25 Testing: glyph get_advance returns the value given at construction
5/25 Test: glyph get_advance returns the value given at construction
Command: "/home/runner/work/vectorfontstorm/vectorfontstorm/build/tests/vectorfontstorm_tests" "glyph get_advance returns the value given at construction"
Directory: /home/runner/work/vectorfontstorm/vectorfontstorm/build/tests
"glyph get_advance returns the value given at construction" start time: Apr 05 17:21 UTC
Output:
----------------------------------------------------------
Filters: "glyph get_advance returns the value given at construction"
Randomness seeded to: 4004697243
===============================================================================
All tests passed (1 assertion in 1 test case)

<end of output>
Test time =   0.00 sec
----------------------------------------------------------
Test Passed.
"glyph get_advance returns the value given at construction" end time: Apr 05 17:21 UTC
"glyph get_advance returns the value given at construction" time elapsed: 00:00:00
----------------------------------------------------------

6/25 Testing: glyph with zero advance
6/25 Test: glyph with zero advance
Command: "/home/runner/work/vectorfontstorm/vectorfontstorm/build/tests/vectorfontstorm_tests" "glyph with zero advance"
Directory: /home/runner/work/vectorfontstorm/vectorfontstorm/build/tests
"glyph with zero advance" start time: Apr 05 17:21 UTC
Output:
----------------------------------------------------------
Filters: "glyph with zero advance"
Randomness seeded to: 369583144
===============================================================================
All tests passed (1 assertion in 1 test case)

<end of output>
Test time =   0.00 sec
----------------------------------------------------------
Test Passed.
"glyph with zero advance" end time: Apr 05 17:21 UTC
"glyph with zero advance" time elapsed: 00:00:00
----------------------------------------------------------

7/25 Testing: glyph correct_winding marks empty glyph as whitespace
7/25 Test: glyph correct_winding marks empty glyph as whitespace
Command: "/home/runner/work/vectorfontstorm/vectorfontstorm/build/tests/vectorfontstorm_tests" "glyph correct_winding marks empty glyph as whitespace"
Directory: /home/runner/work/vectorfontstorm/vectorfontstorm/build/tests
"glyph correct_winding marks empty glyph as whitespace" start time: Apr 05 17:21 UTC
Output:
----------------------------------------------------------
Filters: "glyph correct_winding marks empty glyph as whitespace"
Randomness seeded to: 2905936878
===============================================================================
All tests passed (2 assertions in 1 test case)

<end of output>
Test time =   0.00 sec
----------------------------------------------------------
Test Passed.
"glyph correct_winding marks empty glyph as whitespace" end time: Apr 05 17:21 UTC
"glyph correct_winding marks empty glyph as whitespace" time elapsed: 00:00:00
----------------------------------------------------------

8/25 Testing: glyph cache_buffer on empty glyph leaves data empty
8/25 Test: glyph cache_buffer on empty glyph leaves data empty
Command: "/home/runner/work/vectorfontstorm/vectorfontstorm/build/tests/vectorfontstorm_tests" "glyph cache_buffer on empty glyph leaves data empty"
Directory: /home/runner/work/vectorfontstorm/vectorfontstorm/build/tests
"glyph cache_buffer on empty glyph leaves data empty" start time: Apr 05 17:21 UTC
Output:
----------------------------------------------------------
Filters: "glyph cache_buffer on empty glyph leaves data empty"
Randomness seeded to: 1013788653
===============================================================================
All tests passed (1 assertion in 1 test case)

<end of output>
Test time =   0.00 sec
----------------------------------------------------------
Test Passed.
"glyph cache_buffer on empty glyph leaves data empty" end time: Apr 05 17:21 UTC
"glyph cache_buffer on empty glyph leaves data empty" time elapsed: 00:00:00
----------------------------------------------------------

9/25 Testing: glyph get_buffer copies data with correct index offsets
9/25 Test: glyph get_buffer copies data with correct index offsets
Command: "/home/runner/work/vectorfontstorm/vectorfontstorm/build/tests/vectorfontstorm_tests" "glyph get_buffer copies data with correct index offsets"
Directory: /home/runner/work/vectorfontstorm/vectorfontstorm/build/tests
"glyph get_buffer copies data with correct index offsets" start time: Apr 05 17:21 UTC
Output:
----------------------------------------------------------
Filters: "glyph get_buffer copies data with correct index offsets"
Randomness seeded to: 3974812937
===============================================================================
All tests passed (5 assertions in 1 test case)

<end of output>
Test time =   0.00 sec
----------------------------------------------------------
Test Passed.
"glyph get_buffer copies data with correct index offsets" end time: Apr 05 17:21 UTC
"glyph get_buffer copies data with correct index offsets" time elapsed: 00:00:00
----------------------------------------------------------

10/25 Testing: font: height
10/25 Test: font: height
Command: "/home/runner/work/vectorfontstorm/vectorfontstorm/build/tests/vectorfontstorm_tests" "font: height"
Directory: /home/runner/work/vectorfontstorm/vectorfontstorm/build/tests
"font: height" start time: Apr 05 17:21 UTC
Output:
----------------------------------------------------------
Filters: "font: height"
Randomness seeded to: 3062376798
VectorFontStorm: Loading font size 741KB
VectorFontStorm: Loading font size 741KB
===============================================================================
All tests passed (4 assertions in 1 test case)

<end of output>
Test time =   0.00 sec
----------------------------------------------------------
Test Passed.
"font: height" end time: Apr 05 17:21 UTC
"font: height" time elapsed: 00:00:00
----------------------------------------------------------

11/25 Testing: font: get_outline produces non-empty line data for printable chars
11/25 Test: font: get_outline produces non-empty line data for printable chars
Command: "/home/runner/work/vectorfontstorm/vectorfontstorm/build/tests/vectorfontstorm_tests" "font: get_outline produces non-empty line data for printable chars"
Directory: /home/runner/work/vectorfontstorm/vectorfontstorm/build/tests
"font: get_outline produces non-empty line data for printable chars" start time: Apr 05 17:21 UTC
Output:
----------------------------------------------------------
Filters: "font: get_outline produces non-empty line data for printable chars"
Randomness seeded to: 1548461756
VectorFontStorm: Loading font size 741KB
===============================================================================
All tests passed (29 assertions in 1 test case)

<end of output>
Test time =   0.01 sec
----------------------------------------------------------
Test Passed.
"font: get_outline produces non-empty line data for printable chars" end time: Apr 05 17:21 UTC
"font: get_outline produces non-empty line data for printable chars" time elapsed: 00:00:00
----------------------------------------------------------

12/25 Testing: font: get_fill produces triangulated front face
12/25 Test: font: get_fill produces triangulated front face
Command: "/home/runner/work/vectorfontstorm/vectorfontstorm/build/tests/vectorfontstorm_tests" "font: get_fill produces triangulated front face"
Directory: /home/runner/work/vectorfontstorm/vectorfontstorm/build/tests
"font: get_fill produces triangulated front face" start time: Apr 05 17:21 UTC
Output:
----------------------------------------------------------
Filters: "font: get_fill produces triangulated front face"
Randomness seeded to: 49926160
VectorFontStorm: Loading font size 741KB
===============================================================================
All tests passed (349 assertions in 1 test case)

<end of output>
Test time =   0.01 sec
----------------------------------------------------------
Test Passed.
"font: get_fill produces triangulated front face" end time: Apr 05 17:21 UTC
"font: get_fill produces triangulated front face" time elapsed: 00:00:00
----------------------------------------------------------

13/25 Testing: font: get_back mirrors fill geometry
13/25 Test: font: get_back mirrors fill geometry
Command: "/home/runner/work/vectorfontstorm/vectorfontstorm/build/tests/vectorfontstorm_tests" "font: get_back mirrors fill geometry"
Directory: /home/runner/work/vectorfontstorm/vectorfontstorm/build/tests
"font: get_back mirrors fill geometry" start time: Apr 05 17:21 UTC
Output:
----------------------------------------------------------
Filters: "font: get_back mirrors fill geometry"
Randomness seeded to: 1355113177
VectorFontStorm: Loading font size 741KB
===============================================================================
All tests passed (69 assertions in 1 test case)

<end of output>
Test time =   0.01 sec
----------------------------------------------------------
Test Passed.
"font: get_back mirrors fill geometry" end time: Apr 05 17:21 UTC
"font: get_back mirrors fill geometry" time elapsed: 00:00:00
----------------------------------------------------------

14/25 Testing: font: get_edge produces extruded side geometry
14/25 Test: font: get_edge produces extruded side geometry
Command: "/home/runner/work/vectorfontstorm/vectorfontstorm/build/tests/vectorfontstorm_tests" "font: get_edge produces extruded side geometry"
Directory: /home/runner/work/vectorfontstorm/vectorfontstorm/build/tests
"font: get_edge produces extruded side geometry" start time: Apr 05 17:21 UTC
Output:
----------------------------------------------------------
Filters: "font: get_edge produces extruded side geometry"
Randomness seeded to: 488619991
VectorFontStorm: Loading font size 741KB
===============================================================================
All tests passed (4 assertions in 1 test case)

<end of output>
Test time =   0.01 sec
----------------------------------------------------------
Test Passed.
"font: get_edge produces extruded side geometry" end time: Apr 05 17:21 UTC
"font: get_edge produces extruded side geometry" time elapsed: 00:00:00
----------------------------------------------------------

15/25 Testing: font: whitespace characters produce no geometry but positive advance
15/25 Test: font: whitespace characters produce no geometry but positive advance
Command: "/home/runner/work/vectorfontstorm/vectorfontstorm/build/tests/vectorfontstorm_tests" "font: whitespace characters produce no geometry but positive advance"
Directory: /home/runner/work/vectorfontstorm/vectorfontstorm/build/tests
"font: whitespace characters produce no geometry but positive advance" start time: Apr 05 17:21 UTC
Output:
----------------------------------------------------------
Filters: "font: whitespace characters produce no geometry but positive advance"
Randomness seeded to: 3991169078
VectorFontStorm: Loading font size 741KB
===============================================================================
All tests passed (3 assertions in 1 test case)

<end of output>
Test time =   0.00 sec
----------------------------------------------------------
Test Passed.
"font: whitespace characters produce no geometry but positive advance" end time: Apr 05 17:21 UTC
"font: whitespace characters produce no geometry but positive advance" time elapsed: 00:00:00
----------------------------------------------------------

16/25 Testing: font: glyph caching returns identical data on repeated calls
16/25 Test: font: glyph caching returns identical data on repeated calls
Command: "/home/runner/work/vectorfontstorm/vectorfontstorm/build/tests/vectorfontstorm_tests" "font: glyph caching returns identical data on repeated calls"
Directory: /home/runner/work/vectorfontstorm/vectorfontstorm/build/tests
"font: glyph caching returns identical data on repeated calls" start time: Apr 05 17:21 UTC
Output:
----------------------------------------------------------
Filters: "font: glyph caching returns identical data on repeated calls"
Randomness seeded to: 4207737263
VectorFontStorm: Loading font size 741KB
===============================================================================
All tests passed (255 assertions in 1 test case)

<end of output>
Test time =   0.01 sec
----------------------------------------------------------
Test Passed.
"font: glyph caching returns identical data on repeated calls" end time: Apr 05 17:21 UTC
"font: glyph caching returns identical data on repeated calls" time elapsed: 00:00:00
----------------------------------------------------------

17/25 Testing: font: combined get_outline_and_fill populates all three buffers
17/25 Test: font: combined get_outline_and_fill populates all three buffers
Command: "/home/runner/work/vectorfontstorm/vectorfontstorm/build/tests/vectorfontstorm_tests" "font: combined get_outline_and_fill populates all three buffers"
Directory: /home/runner/work/vectorfontstorm/vectorfontstorm/build/tests
"font: combined get_outline_and_fill populates all three buffers" start time: Apr 05 17:21 UTC
Output:
----------------------------------------------------------
Filters: "font: combined get_outline_and_fill populates all three buffers"
Randomness seeded to: 2798534930
VectorFontStorm: Loading font size 741KB
===============================================================================
All tests passed (6 assertions in 1 test case)

<end of output>
Test time =   0.00 sec
----------------------------------------------------------
Test Passed.
"font: combined get_outline_and_fill populates all three buffers" end time: Apr 05 17:21 UTC
"font: combined get_outline_and_fill populates all three buffers" time elapsed: 00:00:00
----------------------------------------------------------

18/25 Testing: font: combined get_outline_and_fill_and_edges populates all four buffers
18/25 Test: font: combined get_outline_and_fill_and_edges populates all four buffers
Command: "/home/runner/work/vectorfontstorm/vectorfontstorm/build/tests/vectorfontstorm_tests" "font: combined get_outline_and_fill_and_edges populates all four buffers"
Directory: /home/runner/work/vectorfontstorm/vectorfontstorm/build/tests
"font: combined get_outline_and_fill_and_edges populates all four buffers" start time: Apr 05 17:21 UTC
Output:
----------------------------------------------------------
Filters: "font: combined get_outline_and_fill_and_edges populates all four buffers"
Randomness seeded to: 2569538948
VectorFontStorm: Loading font size 741KB
===============================================================================
All tests passed (6 assertions in 1 test case)

<end of output>
Test time =   0.01 sec
----------------------------------------------------------
Test Passed.
"font: combined get_outline_and_fill_and_edges populates all four buffers" end time: Apr 05 17:21 UTC
"font: combined get_outline_and_fill_and_edges populates all four buffers" time elapsed: 00:00:00
----------------------------------------------------------

19/25 Testing: font: different characters have different advances
19/25 Test: font: different characters have different advances
Command: "/home/runner/work/vectorfontstorm/vectorfontstorm/build/tests/vectorfontstorm_tests" "font: different characters have different advances"
Directory: /home/runner/work/vectorfontstorm/vectorfontstorm/build/tests
"font: different characters have different advances" start time: Apr 05 17:21 UTC
Output:
----------------------------------------------------------
Filters: "font: different characters have different advances"
Randomness seeded to: 406119946
VectorFontStorm: Loading font size 741KB
===============================================================================
All tests passed (2 assertions in 1 test case)

<end of output>
Test time =   0.01 sec
----------------------------------------------------------
Test Passed.
"font: different characters have different advances" end time: Apr 05 17:21 UTC
"font: different characters have different advances" time elapsed: 00:00:00
----------------------------------------------------------

20/25 Testing: font: vertices are within expected coordinate range for height=1
20/25 Test: font: vertices are within expected coordinate range for height=1
Command: "/home/runner/work/vectorfontstorm/vectorfontstorm/build/tests/vectorfontstorm_tests" "font: vertices are within expected coordinate range for height=1"
Directory: /home/runner/work/vectorfontstorm/vectorfontstorm/build/tests
"font: vertices are within expected coordinate range for height=1" start time: Apr 05 17:21 UTC
Output:
----------------------------------------------------------
Filters: "font: vertices are within expected coordinate range for height=1"
Randomness seeded to: 1009181502
VectorFontStorm: Loading font size 741KB
===============================================================================
All tests passed (134 assertions in 1 test case)

<end of output>
Test time =   0.01 sec
----------------------------------------------------------
Test Passed.
"font: vertices are within expected coordinate range for height=1" end time: Apr 05 17:21 UTC
"font: vertices are within expected coordinate range for height=1" time elapsed: 00:00:00
----------------------------------------------------------

21/25 Testing: font: height scaling produces proportional coordinates
21/25 Test: font: height scaling produces proportional coordinates
Command: "/home/runner/work/vectorfontstorm/vectorfontstorm/build/tests/vectorfontstorm_tests" "font: height scaling produces proportional coordinates"
Directory: /home/runner/work/vectorfontstorm/vectorfontstorm/build/tests
"font: height scaling produces proportional coordinates" start time: Apr 05 17:21 UTC
Output:
----------------------------------------------------------
Filters: "font: height scaling produces proportional coordinates"
Randomness seeded to: 5119321
VectorFontStorm: Loading font size 741KB
VectorFontStorm: Loading font size 741KB
===============================================================================
All tests passed (62 assertions in 1 test case)

<end of output>
Test time =   0.01 sec
----------------------------------------------------------
Test Passed.
"font: height scaling produces proportional coordinates" end time: Apr 05 17:21 UTC
"font: height scaling produces proportional coordinates" time elapsed: 00:00:00
----------------------------------------------------------

22/25 Testing: font: unicode characters produce geometry
22/25 Test: font: unicode characters produce geometry
Command: "/home/runner/work/vectorfontstorm/vectorfontstorm/build/tests/vectorfontstorm_tests" "font: unicode characters produce geometry"
Directory: /home/runner/work/vectorfontstorm/vectorfontstorm/build/tests
"font: unicode characters produce geometry" start time: Apr 05 17:21 UTC
Output:
----------------------------------------------------------
Filters: "font: unicode characters produce geometry"
Randomness seeded to: 1569805224
VectorFontStorm: Loading font size 741KB
===============================================================================
All tests passed (7 assertions in 1 test case)

<end of output>
Test time =   0.01 sec
----------------------------------------------------------
Test Passed.
"font: unicode characters produce geometry" end time: Apr 05 17:21 UTC
"font: unicode characters produce geometry" time elapsed: 00:00:00
----------------------------------------------------------

23/25 Testing: font: glyph with two contours (letter with hole) triangulates correctly
23/25 Test: font: glyph with two contours (letter with hole) triangulates correctly
Command: "/home/runner/work/vectorfontstorm/vectorfontstorm/build/tests/vectorfontstorm_tests" "font: glyph with two contours (letter with hole) triangulates correctly"
Directory: /home/runner/work/vectorfontstorm/vectorfontstorm/build/tests
"font: glyph with two contours (letter with hole) triangulates correctly" start time: Apr 05 17:21 UTC
Output:
----------------------------------------------------------
Filters: "font: glyph with two contours (letter with hole) triangulates correctly"
Randomness seeded to: 3522776874
VectorFontStorm: Loading font size 741KB
===============================================================================
All tests passed (75 assertions in 1 test case)

<end of output>
Test time =   0.00 sec
----------------------------------------------------------
Test Passed.
"font: glyph with two contours (letter with hole) triangulates correctly" end time: Apr 05 17:21 UTC
"font: glyph with two contours (letter with hole) triangulates correctly" time elapsed: 00:00:00
----------------------------------------------------------

24/25 Testing: font: front-fill and back-fill have opposite z-coordinates
24/25 Test: font: front-fill and back-fill have opposite z-coordinates
Command: "/home/runner/work/vectorfontstorm/vectorfontstorm/build/tests/vectorfontstorm_tests" "font: front-fill and back-fill have opposite z-coordinates"
Directory: /home/runner/work/vectorfontstorm/vectorfontstorm/build/tests
"font: front-fill and back-fill have opposite z-coordinates" start time: Apr 05 17:21 UTC
Output:
----------------------------------------------------------
Filters: "font: front-fill and back-fill have opposite z-coordinates"
Randomness seeded to: 883378310
VectorFontStorm: Loading font size 741KB
===============================================================================
All tests passed (69 assertions in 1 test case)

<end of output>
Test time =   0.01 sec
----------------------------------------------------------
Test Passed.
"font: front-fill and back-fill have opposite z-coordinates" end time: Apr 05 17:21 UTC
"font: front-fill and back-fill have opposite z-coordinates" time elapsed: 00:00:00
----------------------------------------------------------

25/25 Testing: font: swap correctly exchanges two font objects
25/25 Test: font: swap correctly exchanges two font objects
Command: "/home/runner/work/vectorfontstorm/vectorfontstorm/build/tests/vectorfontstorm_tests" "font: swap correctly exchanges two font objects"
Directory: /home/runner/work/vectorfontstorm/vectorfontstorm/build/tests
"font: swap correctly exchanges two font objects" start time: Apr 05 17:21 UTC
Output:
----------------------------------------------------------
Filters: "font: swap correctly exchanges two font objects"
Randomness seeded to: 575094861
VectorFontStorm: Loading font size 741KB
VectorFontStorm: Loading font size 741KB
===============================================================================
All tests passed (5 assertions in 1 test case)

<end of output>
Test time =   0.00 sec
----------------------------------------------------------
Test Passed.
"font: swap correctly exchanges two font objects" end time: Apr 05 17:21 UTC
"font: swap correctly exchanges two font objects" time elapsed: 00:00:00
----------------------------------------------------------

End testing: Apr 05 17:21 UTC
