TN:
SF:/home/runner/work/vectorfontstorm/vectorfontstorm/build/_deps/catch2-src/src/catch2/catch_approx.hpp
FN:42,43,_ZN5Catch6ApproxC2IfvEERKT_
FN:47,50,_ZN5CatcheqIdvEEbRKT_RKNS_6ApproxE
FN:47,50,_ZN5CatcheqIfvEEbRKT_RKNS_6ApproxE
FN:95,99,_ZN5Catch6Approx6marginIdvEERS0_RKT_
FNDA:446,_ZN5Catch6ApproxC2IfvEERKT_
FNDA:6,_ZN5CatcheqIdvEEbRKT_RKNS_6ApproxE
FNDA:446,_ZN5CatcheqIfvEEbRKT_RKNS_6ApproxE
FNDA:60,_ZN5Catch6Approx6marginIdvEERS0_RKT_
FNF:4
FNH:4
DA:42,446
DA:43,446
DA:47,452
DA:48,452
DA:49,452
DA:95,60
DA:96,60
DA:97,60
DA:98,60
LF:9
LH:9
end_of_record
TN:
SF:/home/runner/work/vectorfontstorm/vectorfontstorm/build/_deps/catch2-src/src/catch2/catch_message.hpp
FN:30,33,_ZN5Catch13MessageStreamlsIA23_cEERS0_RKT_
FN:30,33,_ZN5Catch13MessageStreamlsIA44_cEERS0_RKT_
FN:39,42,_ZN5Catch14MessageBuilderC2ENS_9StringRefERKNS_14SourceLineInfoENS_9ResultWas6OfTypeE
FN:45,48,_ZNO5Catch14MessageBuilderlsIA12_cEEOS0_RKT_
FN:45,48,_ZNO5Catch14MessageBuilderlsIA14_cEEOS0_RKT_
FN:45,48,_ZNO5Catch14MessageBuilderlsIFRSt8ios_baseS3_EEEOS0_RKT_
FN:45,48,_ZNO5Catch14MessageBuilderlsIcEEOS0_RKT_
FN:45,48,_ZNO5Catch14MessageBuilderlsIjEEOS0_RKT_
FNDA:0,_ZN5Catch13MessageStreamlsIA23_cEERS0_RKT_
FNDA:0,_ZN5Catch13MessageStreamlsIA44_cEERS0_RKT_
FNDA:15,_ZN5Catch14MessageBuilderC2ENS_9StringRefERKNS_14SourceLineInfoENS_9ResultWas6OfTypeE
FNDA:12,_ZNO5Catch14MessageBuilderlsIA12_cEEOS0_RKT_
FNDA:3,_ZNO5Catch14MessageBuilderlsIA14_cEEOS0_RKT_
FNDA:3,_ZNO5Catch14MessageBuilderlsIFRSt8ios_baseS3_EEEOS0_RKT_
FNDA:12,_ZNO5Catch14MessageBuilderlsIcEEOS0_RKT_
FNDA:3,_ZNO5Catch14MessageBuilderlsIjEEOS0_RKT_
FNF:8
FNH:6
DA:30,0
DA:31,0
DA:32,0
DA:39,15
DA:41,15
DA:42,15
DA:45,33
DA:46,33
DA:47,33
LF:9
LH:6
end_of_record
TN:
SF:/home/runner/work/vectorfontstorm/vectorfontstorm/build/_deps/catch2-src/src/catch2/catch_tostring.hpp
FN:100,102,_ZN5Catch6Detail19convertUnstreamableIN15vectorfontstorm9aligntypeEEENSt9enable_ifIXsrSt7is_enumIT_E5valueENSt7__cxx1112basic_stringIcSt11char_traitsIcESaIcEEEE4typeERKS6_
FN:135,141,_ZN5Catch11StringMakerIN15vectorfontstorm9aligntypeEvE7convertIS2_EENSt9enable_ifIXntsrNS_6Detail18IsStreamInsertableIT_EE5valueENSt7__cxx1112basic_stringIcSt11char_traitsIcESaIcEEEE4typeERKS8_
FN:149,151,_ZN5Catch6Detail9stringifyIN15vectorfontstorm9aligntypeEEENSt7__cxx1112basic_stringIcSt11char_traitsIcESaIcEEERKT_
FN:149,151,_ZN5Catch6Detail9stringifyINS_6ApproxEEENSt7__cxx1112basic_stringIcSt11char_traitsIcESaIcEEERKT_
FN:149,151,_ZN5Catch6Detail9stringifyIbEENSt7__cxx1112basic_stringIcSt11char_traitsIcESaIcEEERKT_
FN:149,151,_ZN5Catch6Detail9stringifyIdEENSt7__cxx1112basic_stringIcSt11char_traitsIcESaIcEEERKT_
FN:149,151,_ZN5Catch6Detail9stringifyIfEENSt7__cxx1112basic_stringIcSt11char_traitsIcESaIcEEERKT_
FN:149,151,_ZN5Catch6Detail9stringifyIiEENSt7__cxx1112basic_stringIcSt11char_traitsIcESaIcEEERKT_
FN:149,151,_ZN5Catch6Detail9stringifyIjEENSt7__cxx1112basic_stringIcSt11char_traitsIcESaIcEEERKT_
FN:149,151,_ZN5Catch6Detail9stringifyImEENSt7__cxx1112basic_stringIcSt11char_traitsIcESaIcEEERKT_
FN:154,156,_ZN5Catch6Detail26convertUnknownEnumToStringIN15vectorfontstorm9aligntypeEEENSt7__cxx1112basic_stringIcSt11char_traitsIcESaIcEEET_
FN:270,273,_ZN5Catch11StringMakerIbvE7convertB5cxx11Eb
FNDA:0,_ZN5Catch6Detail19convertUnstreamableIN15vectorfontstorm9aligntypeEEENSt9enable_ifIXsrSt7is_enumIT_E5valueENSt7__cxx1112basic_stringIcSt11char_traitsIcESaIcEEEE4typeERKS6_
FNDA:0,_ZN5Catch11StringMakerIN15vectorfontstorm9aligntypeEvE7convertIS2_EENSt9enable_ifIXntsrNS_6Detail18IsStreamInsertableIT_EE5valueENSt7__cxx1112basic_stringIcSt11char_traitsIcESaIcEEEE4typeERKS8_
FNDA:0,_ZN5Catch6Detail9stringifyIN15vectorfontstorm9aligntypeEEENSt7__cxx1112basic_stringIcSt11char_traitsIcESaIcEEERKT_
FNDA:0,_ZN5Catch6Detail9stringifyINS_6ApproxEEENSt7__cxx1112basic_stringIcSt11char_traitsIcESaIcEEERKT_
FNDA:0,_ZN5Catch6Detail9stringifyIbEENSt7__cxx1112basic_stringIcSt11char_traitsIcESaIcEEERKT_
FNDA:0,_ZN5Catch6Detail9stringifyIdEENSt7__cxx1112basic_stringIcSt11char_traitsIcESaIcEEERKT_
FNDA:0,_ZN5Catch6Detail9stringifyIfEENSt7__cxx1112basic_stringIcSt11char_traitsIcESaIcEEERKT_
FNDA:0,_ZN5Catch6Detail9stringifyIiEENSt7__cxx1112basic_stringIcSt11char_traitsIcESaIcEEERKT_
FNDA:0,_ZN5Catch6Detail9stringifyIjEENSt7__cxx1112basic_stringIcSt11char_traitsIcESaIcEEERKT_
FNDA:0,_ZN5Catch6Detail9stringifyImEENSt7__cxx1112basic_stringIcSt11char_traitsIcESaIcEEERKT_
FNDA:0,_ZN5Catch6Detail26convertUnknownEnumToStringIN15vectorfontstorm9aligntypeEEENSt7__cxx1112basic_stringIcSt11char_traitsIcESaIcEEET_
FNDA:0,_ZN5Catch11StringMakerIbvE7convertB5cxx11Eb
FNF:12
FNH:0
DA:100,0
DA:101,0
DA:135,0
DA:137,0
DA:149,0
DA:150,0
DA:154,0
DA:155,0
DA:270,0
DA:272,0
LF:10
LH:0
end_of_record
TN:
SF:/home/runner/work/vectorfontstorm/vectorfontstorm/build/_deps/catch2-src/src/catch2/internal/catch_assertion_handler.hpp
FN:37,41,_ZN5Catch16AssertionHandlerD2Ev
FN:45,47,_ZN5Catch16AssertionHandler10handleExprIbEEvRKNS_7ExprLhsIT_EE
FNDA:1108,_ZN5Catch16AssertionHandlerD2Ev
FNDA:55,_ZN5Catch16AssertionHandler10handleExprIbEEvRKNS_7ExprLhsIT_EE
FNF:2
FNH:2
DA:37,1108
DA:38,1108
DA:39,0
DA:41,1108
DA:45,55
DA:46,55
DA:47,55
LF:7
LH:6
end_of_record
TN:
SF:/home/runner/work/vectorfontstorm/vectorfontstorm/build/_deps/catch2-src/src/catch2/internal/catch_decomposer.hpp
FN:158,161,_ZN5Catch20ITransientExpressionC2Ebb
FN:169,169,_ZN5Catch20ITransientExpressionD0Ev
FN:169,169,_ZN5Catch20ITransientExpressionD2Ev
FN:185,188,_ZNK5Catch10BinaryExprIRKN15vectorfontstorm9aligntypeES4_E29streamReconstructedExpressionERSo
FN:185,188,_ZNK5Catch10BinaryExprIdRKNS_6ApproxEE29streamReconstructedExpressionERSo
FN:185,188,_ZNK5Catch10BinaryExprIfRKNS_6ApproxEE29streamReconstructedExpressionERSo
FN:185,188,_ZNK5Catch10BinaryExprIfRNS_6ApproxEE29streamReconstructedExpressionERSo
FN:185,188,_ZNK5Catch10BinaryExprIffE29streamReconstructedExpressionERSo
FN:185,188,_ZNK5Catch10BinaryExprIjiE29streamReconstructedExpressionERSo
FN:185,188,_ZNK5Catch10BinaryExprIjmE29streamReconstructedExpressionERSo
FN:185,188,_ZNK5Catch10BinaryExprImiE29streamReconstructedExpressionERSo
FN:185,188,_ZNK5Catch10BinaryExprImmE29streamReconstructedExpressionERSo
FN:191,196,_ZN5Catch10BinaryExprIRKN15vectorfontstorm9aligntypeES4_EC2EbS4_NS_9StringRefES4_
FN:191,196,_ZN5Catch10BinaryExprIdRKNS_6ApproxEEC2EbdNS_9StringRefES3_
FN:191,196,_ZN5Catch10BinaryExprIfRKNS_6ApproxEEC2EbfNS_9StringRefES3_
FN:191,196,_ZN5Catch10BinaryExprIfRNS_6ApproxEEC2EbfNS_9StringRefES2_
FN:191,196,_ZN5Catch10BinaryExprIffEC2EbfNS_9StringRefEf
FN:191,196,_ZN5Catch10BinaryExprIjiEC2EbjNS_9StringRefEi
FN:191,196,_ZN5Catch10BinaryExprIjmEC2EbjNS_9StringRefEm
FN:191,196,_ZN5Catch10BinaryExprImiEC2EbmNS_9StringRefEi
FN:191,196,_ZN5Catch10BinaryExprImmEC2EbmNS_9StringRefEm
FN:259,261,_ZNK5Catch9UnaryExprIbE29streamReconstructedExpressionERSo
FN:264,267,_ZN5Catch9UnaryExprIbEC2Eb
FN:275,275,_ZN5Catch7ExprLhsIRKN15vectorfontstorm9aligntypeEEC2ES4_
FN:275,275,_ZN5Catch7ExprLhsIbEC2Eb
FN:275,275,_ZN5Catch7ExprLhsIdEC2Ed
FN:275,275,_ZN5Catch7ExprLhsIfEC2Ef
FN:275,275,_ZN5Catch7ExprLhsIjEC2Ej
FN:275,275,_ZN5Catch7ExprLhsImEC2Em
FN:325,325,_ZN5CatcheqINS_6ApproxEEENSt9enable_ifIXsrSt11conjunctionIJNS_6Detail16is_eq_comparableIdT_vEESt8negationINS_16capture_by_valueINSt16remove_referenceIS6_E4typeEEEEEE5valueENS_10BinaryExprIdRKS6_EEE4typeEONS_7ExprLhsIdEEOS6_
FN:325,325,_ZN5CatcheqINS_6ApproxEEENSt9enable_ifIXsrSt11conjunctionIJNS_6Detail16is_eq_comparableIfT_vEESt8negationINS_16capture_by_valueINSt16remove_referenceIS6_E4typeEEEEEE5valueENS_10BinaryExprIfRKS6_EEE4typeEONS_7ExprLhsIfEEOS6_
FN:325,325,_ZN5CatcheqIRNS_6ApproxEEENSt9enable_ifIXsrSt11conjunctionIJNS_6Detail16is_eq_comparableIfT_vEESt8negationINS_16capture_by_valueINSt16remove_referenceIS7_E4typeEEEEEE5valueENS_10BinaryExprIfRKS7_EEE4typeEONS_7ExprLhsIfEEOS7_
FN:325,325,_ZN5CatcheqIfEENSt9enable_ifIXsrSt11conjunctionIJNS_6Detail16is_eq_comparableIfT_vEENS_16capture_by_valueIS5_EEEE5valueENS_10BinaryExprIfS5_EEE4typeEONS_7ExprLhsIfEES5_
FN:325,325,_ZN5CatcheqIiEENSt9enable_ifIXsrSt11conjunctionIJNS_6Detail16is_eq_comparableIjT_vEENS_16capture_by_valueIS5_EEEE5valueENS_10BinaryExprIjS5_EEE4typeEONS_7ExprLhsIjEES5_
FN:325,325,_ZN5CatcheqIiEENSt9enable_ifIXsrSt11conjunctionIJNS_6Detail16is_eq_comparableImT_vEENS_16capture_by_valueIS5_EEEE5valueENS_10BinaryExprImS5_EEE4typeEONS_7ExprLhsImEES5_
FN:325,325,_ZN5CatcheqImEENSt9enable_ifIXsrSt11conjunctionIJNS_6Detail16is_eq_comparableImT_vEENS_16capture_by_valueIS5_EEEE5valueENS_10BinaryExprImS5_EEE4typeEONS_7ExprLhsImEES5_
FN:326,326,_ZN5CatchneIN15vectorfontstorm9aligntypeEEENSt9enable_ifIXsrSt11conjunctionIJNS_6Detail16is_ne_comparableIRKS2_T_vEESt8negationINS_16capture_by_valueINSt16remove_referenceIS9_E4typeEEEEEE5valueENS_10BinaryExprIS8_RKS9_EEE4typeEONS_7ExprLhsIS8_EEOS9_
FN:326,326,_ZN5CatchneImEENSt9enable_ifIXsrSt11conjunctionIJNS_6Detail16is_ne_comparableImT_vEENS_16capture_by_valueIS5_EEEE5valueENS_10BinaryExprImS5_EEE4typeEONS_7ExprLhsImEES5_
FN:375,375,_ZN5CatchltIfEENSt9enable_ifIXsrSt11conjunctionIJNS_6Detail16is_lt_comparableIfT_vEENS_16capture_by_valueIS5_EEEE5valueENS_10BinaryExprIfS5_EEE4typeEONS_7ExprLhsIfEES5_
FN:375,375,_ZN5CatchltImEENSt9enable_ifIXsrSt11conjunctionIJNS_6Detail16is_lt_comparableIjT_vEENS_16capture_by_valueIS5_EEEE5valueENS_10BinaryExprIjS5_EEE4typeEONS_7ExprLhsIjEES5_
FN:377,377,_ZN5CatchgtIfEENSt9enable_ifIXsrSt11conjunctionIJNS_6Detail16is_gt_comparableIfT_vEENS_16capture_by_valueIS5_EEEE5valueENS_10BinaryExprIfS5_EEE4typeEONS_7ExprLhsIfEES5_
FN:420,422,_ZNK5Catch7ExprLhsIbE13makeUnaryExprEv
FN:430,432,_ZN5CatchleIN15vectorfontstorm9aligntypeELi0EEENS_7ExprLhsIRKT_EEONS_10DecomposerEOS4_
FN:436,438,_ZN5CatchleIbLi0EEENS_7ExprLhsIT_EEONS_10DecomposerES2_
FN:436,438,_ZN5CatchleIdLi0EEENS_7ExprLhsIT_EEONS_10DecomposerES2_
FN:436,438,_ZN5CatchleIfLi0EEENS_7ExprLhsIT_EEONS_10DecomposerES2_
FN:436,438,_ZN5CatchleIjLi0EEENS_7ExprLhsIT_EEONS_10DecomposerES2_
FN:436,438,_ZN5CatchleImLi0EEENS_7ExprLhsIT_EEONS_10DecomposerES2_
FNDA:1108,_ZN5Catch20ITransientExpressionC2Ebb
FNDA:0,_ZN5Catch20ITransientExpressionD0Ev
FNDA:1108,_ZN5Catch20ITransientExpressionD2Ev
FNDA:0,_ZNK5Catch10BinaryExprIRKN15vectorfontstorm9aligntypeES4_E29streamReconstructedExpressionERSo
FNDA:0,_ZNK5Catch10BinaryExprIdRKNS_6ApproxEE29streamReconstructedExpressionERSo
FNDA:0,_ZNK5Catch10BinaryExprIfRKNS_6ApproxEE29streamReconstructedExpressionERSo
FNDA:0,_ZNK5Catch10BinaryExprIfRNS_6ApproxEE29streamReconstructedExpressionERSo
FNDA:0,_ZNK5Catch10BinaryExprIffE29streamReconstructedExpressionERSo
FNDA:0,_ZNK5Catch10BinaryExprIjiE29streamReconstructedExpressionERSo
FNDA:0,_ZNK5Catch10BinaryExprIjmE29streamReconstructedExpressionERSo
FNDA:0,_ZNK5Catch10BinaryExprImiE29streamReconstructedExpressionERSo
FNDA:0,_ZNK5Catch10BinaryExprImmE29streamReconstructedExpressionERSo
FNDA:6,_ZN5Catch10BinaryExprIRKN15vectorfontstorm9aligntypeES4_EC2EbS4_NS_9StringRefES4_
FNDA:6,_ZN5Catch10BinaryExprIdRKNS_6ApproxEEC2EbdNS_9StringRefES3_
FNDA:386,_ZN5Catch10BinaryExprIfRKNS_6ApproxEEC2EbfNS_9StringRefES3_
FNDA:60,_ZN5Catch10BinaryExprIfRNS_6ApproxEEC2EbfNS_9StringRefES2_
FNDA:154,_ZN5Catch10BinaryExprIffEC2EbfNS_9StringRefEf
FNDA:5,_ZN5Catch10BinaryExprIjiEC2EbjNS_9StringRefEi
FNDA:408,_ZN5Catch10BinaryExprIjmEC2EbjNS_9StringRefEm
FNDA:20,_ZN5Catch10BinaryExprImiEC2EbmNS_9StringRefEi
FNDA:8,_ZN5Catch10BinaryExprImmEC2EbmNS_9StringRefEm
FNDA:0,_ZNK5Catch9UnaryExprIbE29streamReconstructedExpressionERSo
FNDA:55,_ZN5Catch9UnaryExprIbEC2Eb
FNDA:6,_ZN5Catch7ExprLhsIRKN15vectorfontstorm9aligntypeEEC2ES4_
FNDA:55,_ZN5Catch7ExprLhsIbEC2Eb
FNDA:6,_ZN5Catch7ExprLhsIdEC2Ed
FNDA:600,_ZN5Catch7ExprLhsIfEC2Ef
FNDA:413,_ZN5Catch7ExprLhsIjEC2Ej
FNDA:28,_ZN5Catch7ExprLhsImEC2Em
FNDA:6,_ZN5CatcheqINS_6ApproxEEENSt9enable_ifIXsrSt11conjunctionIJNS_6Detail16is_eq_comparableIdT_vEESt8negationINS_16capture_by_valueINSt16remove_referenceIS6_E4typeEEEEEE5valueENS_10BinaryExprIdRKS6_EEE4typeEONS_7ExprLhsIdEEOS6_
FNDA:386,_ZN5CatcheqINS_6ApproxEEENSt9enable_ifIXsrSt11conjunctionIJNS_6Detail16is_eq_comparableIfT_vEESt8negationINS_16capture_by_valueINSt16remove_referenceIS6_E4typeEEEEEE5valueENS_10BinaryExprIfRKS6_EEE4typeEONS_7ExprLhsIfEEOS6_
FNDA:60,_ZN5CatcheqIRNS_6ApproxEEENSt9enable_ifIXsrSt11conjunctionIJNS_6Detail16is_eq_comparableIfT_vEESt8negationINS_16capture_by_valueINSt16remove_referenceIS7_E4typeEEEEEE5valueENS_10BinaryExprIfRKS7_EEE4typeEONS_7ExprLhsIfEEOS7_
FNDA:3,_ZN5CatcheqIfEENSt9enable_ifIXsrSt11conjunctionIJNS_6Detail16is_eq_comparableIfT_vEENS_16capture_by_valueIS5_EEEE5valueENS_10BinaryExprIfS5_EEE4typeEONS_7ExprLhsIfEES5_
FNDA:5,_ZN5CatcheqIiEENSt9enable_ifIXsrSt11conjunctionIJNS_6Detail16is_eq_comparableIjT_vEENS_16capture_by_valueIS5_EEEE5valueENS_10BinaryExprIjS5_EEE4typeEONS_7ExprLhsIjEES5_
FNDA:20,_ZN5CatcheqIiEENSt9enable_ifIXsrSt11conjunctionIJNS_6Detail16is_eq_comparableImT_vEENS_16capture_by_valueIS5_EEEE5valueENS_10BinaryExprImS5_EEE4typeEONS_7ExprLhsImEES5_
FNDA:7,_ZN5CatcheqImEENSt9enable_ifIXsrSt11conjunctionIJNS_6Detail16is_eq_comparableImT_vEENS_16capture_by_valueIS5_EEEE5valueENS_10BinaryExprImS5_EEE4typeEONS_7ExprLhsImEES5_
FNDA:6,_ZN5CatchneIN15vectorfontstorm9aligntypeEEENSt9enable_ifIXsrSt11conjunctionIJNS_6Detail16is_ne_comparableIRKS2_T_vEESt8negationINS_16capture_by_valueINSt16remove_referenceIS9_E4typeEEEEEE5valueENS_10BinaryExprIS8_RKS9_EEE4typeEONS_7ExprLhsIS8_EEOS9_
FNDA:1,_ZN5CatchneImEENSt9enable_ifIXsrSt11conjunctionIJNS_6Detail16is_ne_comparableImT_vEENS_16capture_by_valueIS5_EEEE5valueENS_10BinaryExprImS5_EEE4typeEONS_7ExprLhsImEES5_
FNDA:66,_ZN5CatchltIfEENSt9enable_ifIXsrSt11conjunctionIJNS_6Detail16is_lt_comparableIfT_vEENS_16capture_by_valueIS5_EEEE5valueENS_10BinaryExprIfS5_EEE4typeEONS_7ExprLhsIfEES5_
FNDA:408,_ZN5CatchltImEENSt9enable_ifIXsrSt11conjunctionIJNS_6Detail16is_lt_comparableIjT_vEENS_16capture_by_valueIS5_EEEE5valueENS_10BinaryExprIjS5_EEE4typeEONS_7ExprLhsIjEES5_
FNDA:85,_ZN5CatchgtIfEENSt9enable_ifIXsrSt11conjunctionIJNS_6Detail16is_gt_comparableIfT_vEENS_16capture_by_valueIS5_EEEE5valueENS_10BinaryExprIfS5_EEE4typeEONS_7ExprLhsIfEES5_
FNDA:55,_ZNK5Catch7ExprLhsIbE13makeUnaryExprEv
FNDA:6,_ZN5CatchleIN15vectorfontstorm9aligntypeELi0EEENS_7ExprLhsIRKT_EEONS_10DecomposerEOS4_
FNDA:55,_ZN5CatchleIbLi0EEENS_7ExprLhsIT_EEONS_10DecomposerES2_
FNDA:6,_ZN5CatchleIdLi0EEENS_7ExprLhsIT_EEONS_10DecomposerES2_
FNDA:600,_ZN5CatchleIfLi0EEENS_7ExprLhsIT_EEONS_10DecomposerES2_
FNDA:413,_ZN5CatchleIjLi0EEENS_7ExprLhsIT_EEONS_10DecomposerES2_
FNDA:28,_ZN5CatchleImLi0EEENS_7ExprLhsIT_EEONS_10DecomposerES2_
FNF:48
FNH:37
DA:158,1108
DA:159,1108
DA:160,1108
DA:161,1108
DA:169,1108
DA:185,0
DA:187,0
DA:188,0
DA:191,1053
DA:193,1053
DA:194,1053
DA:195,1053
DA:196,1053
DA:259,0
DA:260,0
DA:261,0
DA:264,55
DA:266,55
DA:267,55
DA:275,1108
DA:325,487
DA:326,7
DA:375,474
DA:377,85
DA:420,55
DA:421,55
DA:430,6
DA:431,6
DA:436,1102
DA:437,1102
LF:30
LH:24
end_of_record
TN:
SF:/home/runner/work/vectorfontstorm/vectorfontstorm/build/_deps/catch2-src/src/catch2/internal/catch_message_info.hpp
FNF:0
FNH:0
LF:0
LH:0
end_of_record
TN:
SF:/home/runner/work/vectorfontstorm/vectorfontstorm/build/_deps/catch2-src/src/catch2/internal/catch_reusable_string_stream.hpp
FN:45,48,_ZN5Catch20ReusableStringStreamlsIA12_cEERS0_RKT_
FN:45,48,_ZN5Catch20ReusableStringStreamlsIA14_cEERS0_RKT_
FN:45,48,_ZN5Catch20ReusableStringStreamlsIA23_cEERS0_RKT_
FN:45,48,_ZN5Catch20ReusableStringStreamlsIA44_cEERS0_RKT_
FN:45,48,_ZN5Catch20ReusableStringStreamlsIFRSt8ios_baseS3_EEERS0_RKT_
FN:45,48,_ZN5Catch20ReusableStringStreamlsIcEERS0_RKT_
FN:45,48,_ZN5Catch20ReusableStringStreamlsIjEERS0_RKT_
FNDA:12,_ZN5Catch20ReusableStringStreamlsIA12_cEERS0_RKT_
FNDA:3,_ZN5Catch20ReusableStringStreamlsIA14_cEERS0_RKT_
FNDA:0,_ZN5Catch20ReusableStringStreamlsIA23_cEERS0_RKT_
FNDA:0,_ZN5Catch20ReusableStringStreamlsIA44_cEERS0_RKT_
FNDA:3,_ZN5Catch20ReusableStringStreamlsIFRSt8ios_baseS3_EEERS0_RKT_
FNDA:12,_ZN5Catch20ReusableStringStreamlsIcEERS0_RKT_
FNDA:3,_ZN5Catch20ReusableStringStreamlsIjEERS0_RKT_
FNF:7
FNH:5
DA:45,33
DA:46,33
DA:47,33
LF:3
LH:3
end_of_record
TN:
SF:/home/runner/work/vectorfontstorm/vectorfontstorm/build/_deps/catch2-src/src/catch2/internal/catch_source_line_info.hpp
FN:19,22,_ZN5Catch14SourceLineInfoC2EPKcm
FNDA:1806,_ZN5Catch14SourceLineInfoC2EPKcm
FNF:1
FNH:1
DA:19,1806
DA:20,1806
DA:21,1806
DA:22,1806
LF:4
LH:4
end_of_record
TN:
SF:/home/runner/work/vectorfontstorm/vectorfontstorm/build/_deps/catch2-src/src/catch2/internal/catch_stream_end_stop.hpp
FN:23,25,_ZN5CatchplIA23_cEERKT_S4_NS_13StreamEndStopE
FN:23,25,_ZN5CatchplIA44_cEERKT_S4_NS_13StreamEndStopE
FNDA:0,_ZN5CatchplIA23_cEERKT_S4_NS_13StreamEndStopE
FNDA:0,_ZN5CatchplIA44_cEERKT_S4_NS_13StreamEndStopE
FNF:2
FNH:0
DA:23,0
DA:24,0
LF:2
LH:0
end_of_record
TN:
SF:/home/runner/work/vectorfontstorm/vectorfontstorm/build/_deps/catch2-src/src/catch2/internal/catch_stringref.hpp
FN:114,116,_ZN5Catchli3_srEPKcm
FN:119,121,_Zli9_catch_srPKcm
FN:37,37,_ZN5Catch9StringRefC2Ev
FN:41,44,_ZN5Catch9StringRefC2EPKcm
FN:46,49,_ZN5Catch9StringRefC2ERKNSt7__cxx1112basic_stringIcSt11char_traitsIcESaIcEEE
FNDA:14005,_ZN5Catchli3_srEPKcm
FNDA:2231,_Zli9_catch_srPKcm
FNDA:4192,_ZN5Catch9StringRefC2Ev
FNDA:24044,_ZN5Catch9StringRefC2EPKcm
FNDA:2444,_ZN5Catch9StringRefC2ERKNSt7__cxx1112basic_stringIcSt11char_traitsIcESaIcEEE
FNF:5
FNH:5
DA:37,4192
DA:41,24044
DA:42,24044
DA:43,24044
DA:44,24044
DA:46,2444
DA:47,2444
DA:48,2444
DA:49,2444
DA:114,14005
DA:115,14005
DA:119,2231
DA:120,2231
LF:13
LH:13
end_of_record
TN:
SF:/home/runner/work/vectorfontstorm/vectorfontstorm/build/_deps/catch2-src/src/catch2/internal/catch_test_registry.hpp
FN:51,53,_ZN5Catch11NameAndTagsC2ENS_9StringRefES1_
FNDA:650,_ZN5Catch11NameAndTagsC2ENS_9StringRefES1_
FNF:1
FNH:1
DA:51,650
DA:52,650
DA:53,650
LF:3
LH:3
end_of_record
TN:
SF:/home/runner/work/vectorfontstorm/vectorfontstorm/build/_deps/catch2-src/src/catch2/internal/catch_unique_ptr.hpp
FN:59,61,_ZN5Catch6Detail10unique_ptrINS_12ITestInvokerEED2Ev
FNDA:2756,_ZN5Catch6Detail10unique_ptrINS_12ITestInvokerEED2Ev
FNF:1
FNH:1
DA:59,2756
DA:60,2756
DA:61,2756
LF:3
LH:3
end_of_record
TN:
SF:/home/runner/work/vectorfontstorm/vectorfontstorm/tests/stubs/vectorstorm/vector/vector2.h
FN:14,14,_ZN7vector2IfEC2Ev
FN:15,15,_ZN7vector2IfEC2Eff
FN:18,20,_ZNK7vector2IfE4lerpEfRKS0_
FN:24,26,_ZlsIfERSoS0_RK7vector2IT_E
FNDA:0,_ZN7vector2IfEC2Ev
FNDA:703,_ZN7vector2IfEC2Eff
FNDA:168,_ZNK7vector2IfE4lerpEfRKS0_
FNDA:0,_ZlsIfERSoS0_RK7vector2IT_E
FNF:4
FNH:2
DA:14,0
DA:15,703
DA:18,168
DA:19,168
DA:24,0
DA:25,0
LF:6
LH:3
end_of_record
TN:
SF:/home/runner/work/vectorfontstorm/vectorfontstorm/tests/tests.cpp
FN:111,123,_ZL22CATCH2_INTERNAL_TEST_6v
FN:128,131,_ZL22CATCH2_INTERNAL_TEST_8v
FN:133,136,_ZL23CATCH2_INTERNAL_TEST_10v
FN:138,153,_ZL23CATCH2_INTERNAL_TEST_12v
FN:155,162,_ZL23CATCH2_INTERNAL_TEST_14v
FN:164,193,_ZL23CATCH2_INTERNAL_TEST_16v
FN:211,215,_ZN11FontFixtureC2Ed
FN:216,216,_ZN11FontFixtureD2Ev
FN:217,217,_ZN11FontFixture4fontEv
FN:220,234,_ZL23CATCH2_INTERNAL_TEST_18v
FN:236,252,_ZL23CATCH2_INTERNAL_TEST_22v
FN:254,273,_ZL23CATCH2_INTERNAL_TEST_25v
FN:275,296,_ZL23CATCH2_INTERNAL_TEST_28v
FN:298,310,_ZL23CATCH2_INTERNAL_TEST_30v
FN:312,325,_ZL23CATCH2_INTERNAL_TEST_32v
FN:327,344,_ZL23CATCH2_INTERNAL_TEST_35v
FN:346,361,_ZL23CATCH2_INTERNAL_TEST_37v
FN:363,377,_ZL23CATCH2_INTERNAL_TEST_39v
FN:379,392,_ZL23CATCH2_INTERNAL_TEST_41v
FN:38,38,_ZN10TestVertexC2Efff
FN:394,412,_ZL23CATCH2_INTERNAL_TEST_43v
FN:414,434,_ZL23CATCH2_INTERNAL_TEST_45v
FN:436,450,_ZL23CATCH2_INTERNAL_TEST_47v
FN:44,52,_ZL14load_font_filePKc
FN:452,469,_ZL23CATCH2_INTERNAL_TEST_50v
FN:471,493,_ZL23CATCH2_INTERNAL_TEST_52v
FN:495,512,_ZL23CATCH2_INTERNAL_TEST_54v
FN:57,83,_ZL22CATCH2_INTERNAL_TEST_0v
FN:88,92,_ZL22CATCH2_INTERNAL_TEST_2v
FN:94,109,_ZL22CATCH2_INTERNAL_TEST_4v
FNDA:1,_ZL22CATCH2_INTERNAL_TEST_6v
FNDA:1,_ZL22CATCH2_INTERNAL_TEST_8v
FNDA:1,_ZL23CATCH2_INTERNAL_TEST_10v
FNDA:1,_ZL23CATCH2_INTERNAL_TEST_12v
FNDA:1,_ZL23CATCH2_INTERNAL_TEST_14v
FNDA:1,_ZL23CATCH2_INTERNAL_TEST_16v
FNDA:14,_ZN11FontFixtureC2Ed
FNDA:14,_ZN11FontFixtureD2Ev
FNDA:29,_ZN11FontFixture4fontEv
FNDA:2,_ZL23CATCH2_INTERNAL_TEST_18v
FNDA:1,_ZL23CATCH2_INTERNAL_TEST_22v
FNDA:1,_ZL23CATCH2_INTERNAL_TEST_25v
FNDA:1,_ZL23CATCH2_INTERNAL_TEST_28v
FNDA:1,_ZL23CATCH2_INTERNAL_TEST_30v
FNDA:1,_ZL23CATCH2_INTERNAL_TEST_32v
FNDA:1,_ZL23CATCH2_INTERNAL_TEST_35v
FNDA:1,_ZL23CATCH2_INTERNAL_TEST_37v
FNDA:1,_ZL23CATCH2_INTERNAL_TEST_39v
FNDA:1,_ZL23CATCH2_INTERNAL_TEST_41v
FNDA:6953,_ZN10TestVertexC2Efff
FNDA:1,_ZL23CATCH2_INTERNAL_TEST_43v
FNDA:1,_ZL23CATCH2_INTERNAL_TEST_45v
FNDA:1,_ZL23CATCH2_INTERNAL_TEST_47v
FNDA:17,_ZL14load_font_filePKc
FNDA:1,_ZL23CATCH2_INTERNAL_TEST_50v
FNDA:1,_ZL23CATCH2_INTERNAL_TEST_52v
FNDA:1,_ZL23CATCH2_INTERNAL_TEST_54v
FNDA:1,_ZL22CATCH2_INTERNAL_TEST_0v
FNDA:1,_ZL22CATCH2_INTERNAL_TEST_2v
FNDA:1,_ZL22CATCH2_INTERNAL_TEST_4v
FNF:30
FNH:30
DA:38,6953
DA:44,17
DA:45,17
DA:46,17
DA:47,17
DA:48,17
DA:49,17
DA:50,17
DA:51,17
DA:52,17
DA:57,1
DA:61,1
DA:62,1
DA:63,1
DA:64,1
DA:65,1
DA:66,1
DA:69,1
DA:70,1
DA:71,1
DA:72,0
DA:73,0
DA:74,0
DA:75,0
DA:76,0
DA:77,1
DA:78,0
DA:79,0
DA:80,0
DA:82,1
DA:83,1
DA:88,1
DA:89,1
DA:90,1
DA:91,1
DA:92,1
DA:94,1
DA:95,1
DA:97,1
DA:98,1
DA:99,1
DA:100,1
DA:102,1
DA:103,1
DA:104,1
DA:105,1
DA:106,1
DA:107,1
DA:108,1
DA:109,1
DA:111,1
DA:112,1
DA:113,1
DA:114,1
DA:116,1
DA:117,1
DA:118,1
DA:121,1
DA:122,1
DA:123,1
DA:128,1
DA:129,1
DA:130,1
DA:131,1
DA:133,1
DA:134,1
DA:135,1
DA:136,1
DA:138,1
DA:139,1
DA:143,1
DA:145,1
DA:146,1
DA:147,1
DA:148,1
DA:149,1
DA:151,1
DA:152,1
DA:153,1
DA:155,1
DA:156,1
DA:157,1
DA:159,1
DA:160,1
DA:161,1
DA:162,1
DA:164,1
DA:167,1
DA:169,1
DA:170,1
DA:171,1
DA:172,1
DA:173,1
DA:174,1
DA:175,1
DA:177,1
DA:179,1
DA:180,1
DA:181,1
DA:182,1
DA:184,1
DA:187,1
DA:189,1
DA:190,1
DA:191,1
DA:192,1
DA:193,1
DA:211,14
DA:212,14
DA:213,14
DA:214,14
DA:215,14
DA:216,14
DA:217,29
DA:220,2
DA:221,4
DA:222,0
DA:224,2
DA:225,1
DA:226,1
DA:227,1
DA:228,1
DA:229,3
DA:230,2
DA:231,1
DA:232,1
DA:233,3
DA:234,2
DA:236,1
DA:237,2
DA:238,0
DA:240,1
DA:242,9
DA:243,7
DA:244,7
DA:245,7
DA:246,7
DA:247,7
DA:248,7
DA:250,7
DA:251,8
DA:252,1
DA:254,1
DA:255,2
DA:256,0
DA:258,1
DA:260,6
DA:261,4
DA:262,4
DA:263,4
DA:264,4
DA:265,4
DA:267,4
DA:269,340
DA:270,336
DA:272,5
DA:273,1
DA:275,1
DA:276,2
DA:277,0
DA:279,1
DA:281,1
DA:282,1
DA:283,1
DA:286,1
DA:287,1
DA:290,34
DA:291,33
DA:293,34
DA:294,33
DA:296,1
DA:298,1
DA:299,2
DA:300,0
DA:302,1
DA:304,1
DA:305,1
DA:306,1
DA:307,1
DA:309,1
DA:310,1
DA:312,1
DA:313,2
DA:314,0
DA:316,1
DA:318,3
DA:319,1
DA:320,1
DA:321,1
DA:322,1
DA:323,1
DA:324,2
DA:325,1
DA:327,1
DA:328,2
DA:329,0
DA:331,1
DA:333,1
DA:334,1
DA:335,1
DA:337,1
DA:338,1
DA:339,85
DA:340,84
DA:341,84
DA:342,84
DA:344,1
DA:346,1
DA:347,2
DA:348,0
DA:350,1
DA:352,1
DA:353,1
DA:355,1
DA:356,1
DA:357,1
DA:358,1
DA:360,1
DA:361,1
DA:363,1
DA:364,2
DA:365,0
DA:367,1
DA:369,1
DA:370,1
DA:372,1
DA:373,1
DA:374,1
DA:375,1
DA:376,1
DA:377,1
DA:379,1
DA:380,2
DA:381,0
DA:383,1
DA:385,1
DA:386,1
DA:387,1
DA:388,1
DA:391,1
DA:392,1
DA:394,1
DA:395,2
DA:396,0
DA:398,1
DA:400,1
DA:401,1
DA:402,1
DA:406,34
DA:407,33
DA:408,33
DA:409,33
DA:410,33
DA:412,1
DA:414,1
DA:415,2
DA:416,0
DA:419,1
DA:420,1
DA:421,1
DA:422,1
DA:424,1
DA:425,1
DA:426,1
DA:428,1
DA:430,31
DA:431,30
DA:432,30
DA:434,1
DA:436,1
DA:437,2
DA:438,0
DA:440,1
DA:443,5
DA:444,3
DA:445,3
DA:446,3
DA:447,3
DA:448,3
DA:449,4
DA:450,1
DA:452,1
DA:453,2
DA:454,0
DA:456,1
DA:459,1
DA:460,1
DA:462,1
DA:464,1
DA:466,73
DA:467,72
DA:469,1
DA:471,1
DA:472,2
DA:473,0
DA:475,1
DA:477,1
DA:478,1
DA:479,1
DA:483,1
DA:484,1
DA:487,34
DA:488,33
DA:490,34
DA:491,33
DA:493,1
DA:495,1
DA:496,2
DA:497,0
DA:499,1
DA:500,1
DA:502,1
DA:503,1
DA:505,1
DA:506,1
DA:508,1
DA:510,1
DA:511,1
DA:512,1
LF:319
LH:295
end_of_record
TN:
SF:/home/runner/work/vectorfontstorm/vectorfontstorm/vectorfontstorm/buffer_data.h
FN:19,21,_ZN15vectorfontstorm11buffer_dataI10TestVertexEC2Ev
FN:24,26,_ZN15vectorfontstorm11buffer_dataI10TestVertexED2Ev
FNDA:170,_ZN15vectorfontstorm11buffer_dataI10TestVertexEC2Ev
FNDA:279,_ZN15vectorfontstorm11buffer_dataI10TestVertexED2Ev
FNF:2
FNH:2
DA:19,170
DA:21,170
DA:24,279
DA:26,279
LF:4
LH:4
end_of_record
TN:
SF:/home/runner/work/vectorfontstorm/vectorfontstorm/vectorfontstorm/cast_if_required.h
FN:7,9,_Z16cast_if_requiredIimET_RKT0_
FN:7,9,_Z16cast_if_requiredIjmET_RKT0_
FNDA:980,_Z16cast_if_requiredIimET_RKT0_
FNDA:1548,_Z16cast_if_requiredIjmET_RKT0_
FNF:2
FNH:2
DA:7,2528
DA:8,2528
LF:2
LH:2
end_of_record
TN:
SF:/home/runner/work/vectorfontstorm/vectorfontstorm/vectorfontstorm/contour.h
FN:109,117,_ZNK15vectorfontstorm7contourI10TestVertexE11get_extrudeERNS_11buffer_dataIS1_EE
FN:120,163,_ZN15vectorfontstorm7contourI10TestVertexE11get_windingEv
FN:187,198,_ZN15vectorfontstorm7contourI10TestVertexE7reverseEv
FN:50,52,_ZN15vectorfontstorm7contourI10TestVertexEC2Ev
FN:55,57,_ZN15vectorfontstorm7contourI10TestVertexED2Ev
FN:60,65,_ZN15vectorfontstorm7contourI10TestVertexE26get_second_to_last_segmentEv
FN:68,76,_ZNK15vectorfontstorm7contourI10TestVertexE11get_outlineERNS_11buffer_dataIS1_EE
FN:79,106,_ZNK15vectorfontstorm7contourI10TestVertexE11get_outlineERSt6vectorISt10shared_ptrIN3p2t5PointEESaIS7_EE
FNDA:45,_ZNK15vectorfontstorm7contourI10TestVertexE11get_extrudeERNS_11buffer_dataIS1_EE
FNDA:45,_ZN15vectorfontstorm7contourI10TestVertexE11get_windingEv
FNDA:26,_ZN15vectorfontstorm7contourI10TestVertexE7reverseEv
FNDA:45,_ZN15vectorfontstorm7contourI10TestVertexEC2Ev
FNDA:69,_ZN15vectorfontstorm7contourI10TestVertexED2Ev
FNDA:168,_ZN15vectorfontstorm7contourI10TestVertexE26get_second_to_last_segmentEv
FNDA:45,_ZNK15vectorfontstorm7contourI10TestVertexE11get_outlineERNS_11buffer_dataIS1_EE
FNDA:90,_ZNK15vectorfontstorm7contourI10TestVertexE11get_outlineERSt6vectorISt10shared_ptrIN3p2t5PointEESaIS7_EE
FNF:8
FNH:8
DA:50,45
DA:52,45
DA:55,69
DA:57,69
DA:60,168
DA:64,168
DA:68,45
DA:73,580
DA:74,535
DA:76,45
DA:79,90
DA:84,90
DA:85,90
DA:86,1160
DA:87,1070
DA:89,90
DA:91,0
DA:94,90
DA:99,90
DA:106,90
DA:109,45
DA:114,580
DA:115,535
DA:117,45
DA:120,45
DA:122,45
DA:123,0
DA:127,45
DA:128,45
DA:129,45
DA:130,0
DA:131,0
DA:132,0
DA:134,45
DA:135,535
DA:136,490
DA:137,490
DA:138,490
DA:139,490
DA:140,490
DA:141,490
DA:142,490
DA:143,192
DA:144,298
DA:145,216
DA:148,45
DA:152,22
DA:153,23
DA:154,0
DA:155,0
DA:160,23
DA:162,45
DA:163,45
DA:187,26
DA:189,26
DA:190,317
DA:191,291
DA:193,26
DA:194,0
DA:195,26
DA:196,11
DA:198,26
LF:62
LH:54
end_of_record
TN:
SF:/home/runner/work/vectorfontstorm/vectorfontstorm/vectorfontstorm/font.h
FN:103,110,_ZN15vectorfontstorm4fontI10TestVertexED2Ev
FN:113,123,_ZN15vectorfontstorm4fontI10TestVertexE4swapERS2_
FN:133,135,_ZNK15vectorfontstorm4fontI10TestVertexE10get_heightEv
FN:138,145,_ZN15vectorfontstorm4fontI10TestVertexE11get_outlineEDiRNS_11buffer_dataIS1_EE
FN:147,154,_ZN15vectorfontstorm4fontI10TestVertexE8get_fillEDiRNS_11buffer_dataIS1_EE
FN:156,163,_ZN15vectorfontstorm4fontI10TestVertexE8get_backEDiRNS_11buffer_dataIS1_EE
FN:165,172,_ZN15vectorfontstorm4fontI10TestVertexE8get_edgeEDiRNS_11buffer_dataIS1_EE
FN:174,185,_ZN15vectorfontstorm4fontI10TestVertexE20get_outline_and_fillEDiRNS_11buffer_dataIS1_EES5_S5_
FN:187,200,_ZN15vectorfontstorm4fontI10TestVertexE30get_outline_and_fill_and_edgesEDiRNS_11buffer_dataIS1_EES5_S5_S5_
FN:203,361,_ZN15vectorfontstorm4fontI10TestVertexE24load_glyph_from_freetypeEDiRNSt8__detail14_Node_iteratorISt4pairIKDiNS_5glyphIS1_EEELb0ELb0EEE
FN:51,100,_ZN15vectorfontstorm4fontI10TestVertexEC2EPKhmd
FNDA:19,_ZN15vectorfontstorm4fontI10TestVertexED2Ev
FNDA:1,_ZN15vectorfontstorm4fontI10TestVertexE4swapERS2_
FNDA:6,_ZNK15vectorfontstorm4fontI10TestVertexE10get_heightEv
FNDA:10,_ZN15vectorfontstorm4fontI10TestVertexE11get_outlineEDiRNS_11buffer_dataIS1_EE
FNDA:15,_ZN15vectorfontstorm4fontI10TestVertexE8get_fillEDiRNS_11buffer_dataIS1_EE
FNDA:2,_ZN15vectorfontstorm4fontI10TestVertexE8get_backEDiRNS_11buffer_dataIS1_EE
FNDA:1,_ZN15vectorfontstorm4fontI10TestVertexE8get_edgeEDiRNS_11buffer_dataIS1_EE
FNDA:1,_ZN15vectorfontstorm4fontI10TestVertexE20get_outline_and_fillEDiRNS_11buffer_dataIS1_EES5_S5_
FNDA:1,_ZN15vectorfontstorm4fontI10TestVertexE30get_outline_and_fill_and_edgesEDiRNS_11buffer_dataIS1_EES5_S5_S5_
FNDA:27,_ZN15vectorfontstorm4fontI10TestVertexE24load_glyph_from_freetypeEDiRNSt8__detail14_Node_iteratorISt4pairIKDiNS_5glyphIS1_EEELb0ELb0EEE
FNDA:19,_ZN15vectorfontstorm4fontI10TestVertexEC2EPKhmd
FNF:11
FNH:11
DA:51,19
DA:54,19
DA:56,19
DA:57,19
DA:58,19
DA:59,19
DA:60,19
DA:61,19
DA:62,19
DA:63,19
DA:64,19
DA:66,19
DA:69,19
DA:100,19
DA:103,19
DA:108,19
DA:109,19
DA:110,19
DA:113,1
DA:118,1
DA:119,1
DA:120,1
DA:121,1
DA:122,1
DA:123,1
DA:133,6
DA:134,6
DA:138,10
DA:141,10
DA:142,10
DA:143,10
DA:144,20
DA:147,15
DA:150,15
DA:151,15
DA:152,15
DA:153,30
DA:156,2
DA:159,2
DA:160,2
DA:161,2
DA:162,4
DA:165,1
DA:168,1
DA:169,1
DA:170,1
DA:171,2
DA:174,1
DA:179,1
DA:180,1
DA:181,1
DA:182,1
DA:183,1
DA:184,2
DA:187,1
DA:193,1
DA:194,1
DA:195,1
DA:196,1
DA:197,1
DA:198,1
DA:199,2
DA:203,27
DA:205,27
DA:209,27
DA:210,27
DA:211,27
DA:212,27
DA:213,27
DA:214,27
DA:219,27
DA:220,27
DA:221,72
DA:222,45
DA:223,45
DA:224,45
DA:225,45
DA:229,1025
DA:230,490
DA:231,490
DA:232,490
DA:236,490
DA:237,322
DA:238,322
DA:241,277
DA:242,277
DA:243,277
DA:244,277
DA:248,277
DA:249,0
DA:250,0
DA:254,0
DA:255,0
DA:256,0
DA:260,0
DA:261,0
DA:263,0
DA:265,0
DA:266,0
DA:268,0
DA:270,0
DA:272,277
DA:273,277
DA:275,322
DA:276,168
DA:277,168
DA:280,0
DA:282,168
DA:283,168
DA:284,0
DA:288,0
DA:289,168
DA:292,168
DA:293,168
DA:294,168
DA:295,168
DA:296,168
DA:297,168
DA:298,168
DA:299,168
DA:304,168
DA:305,0
DA:306,0
DA:307,0
DA:308,0
DA:310,0
DA:312,0
DA:315,168
DA:316,0
DA:320,0
DA:321,0
DA:322,0
DA:323,0
DA:324,0
DA:328,45
DA:329,45
DA:330,45
DA:331,45
DA:332,45
DA:333,45
DA:334,45
DA:335,45
DA:336,45
DA:337,45
DA:338,45
DA:339,0
DA:340,0
DA:341,0
DA:342,0
DA:344,0
DA:345,0
DA:346,0
DA:348,0
DA:349,0
DA:350,0
DA:351,0
DA:352,0
DA:353,0
DA:355,0
DA:357,45
DA:359,27
DA:360,27
LF:162
LH:121
end_of_record
TN:
SF:/home/runner/work/vectorfontstorm/vectorfontstorm/vectorfontstorm/glyph.h
FN:107,180,_ZN15vectorfontstorm5glyphI10TestVertexE12cache_bufferEv
FN:183,185,_ZNK15vectorfontstorm5glyphI10TestVertexE11get_advanceEv
FN:188,211,_ZN15vectorfontstorm5glyphI10TestVertexE10get_bufferERKNS_11buffer_dataIS1_EERS4_
FN:214,217,_ZN15vectorfontstorm5glyphI10TestVertexE11get_outlineERNS_11buffer_dataIS1_EE
FN:220,223,_ZN15vectorfontstorm5glyphI10TestVertexE8get_fillERNS_11buffer_dataIS1_EE
FN:225,228,_ZN15vectorfontstorm5glyphI10TestVertexE8get_backERNS_11buffer_dataIS1_EE
FN:230,233,_ZN15vectorfontstorm5glyphI10TestVertexE8get_edgeERNS_11buffer_dataIS1_EE
FN:52,56,_ZN15vectorfontstorm5glyphI10TestVertexEC2EDif
FN:59,61,_ZN15vectorfontstorm5glyphI10TestVertexED2Ev
FN:64,104,_ZN15vectorfontstorm5glyphI10TestVertexE15correct_windingEv
FNDA:27,_ZN15vectorfontstorm5glyphI10TestVertexE12cache_bufferEv
FNDA:32,_ZNK15vectorfontstorm5glyphI10TestVertexE11get_advanceEv
FNDA:41,_ZN15vectorfontstorm5glyphI10TestVertexE10get_bufferERKNS_11buffer_dataIS1_EERS4_
FNDA:13,_ZN15vectorfontstorm5glyphI10TestVertexE11get_outlineERNS_11buffer_dataIS1_EE
FNDA:19,_ZN15vectorfontstorm5glyphI10TestVertexE8get_fillERNS_11buffer_dataIS1_EE
FNDA:5,_ZN15vectorfontstorm5glyphI10TestVertexE8get_backERNS_11buffer_dataIS1_EE
FNDA:3,_ZN15vectorfontstorm5glyphI10TestVertexE8get_edgeERNS_11buffer_dataIS1_EE
FNDA:32,_ZN15vectorfontstorm5glyphI10TestVertexEC2EDif
FNDA:59,_ZN15vectorfontstorm5glyphI10TestVertexED2Ev
FNDA:28,_ZN15vectorfontstorm5glyphI10TestVertexE15correct_windingEv
FNF:10
FNH:10
DA:52,32
DA:53,32
DA:54,32
DA:56,32
DA:59,59
DA:61,59
DA:64,28
DA:67,28
DA:68,0
DA:70,28
DA:71,2
DA:72,2
DA:98,26
DA:99,26
DA:100,37
DA:101,26
DA:107,27
DA:116,72
DA:117,45
DA:118,45
DA:120,27
DA:122,1
DA:123,1
DA:127,26
DA:128,94
DA:129,34
DA:130,34
DA:135,34
DA:139,34
DA:140,75
DA:141,19
DA:142,11
DA:143,11
DA:147,11
DA:148,11
DA:150,34
DA:151,34
DA:157,478
DA:160,444
DA:161,444
DA:162,444
DA:163,444
DA:164,444
DA:165,444
DA:166,444
DA:170,444
DA:171,444
DA:172,444
DA:173,444
DA:174,444
DA:175,444
DA:176,444
DA:183,32
DA:184,32
DA:188,41
DA:190,41
DA:191,6
DA:193,35
DA:194,26
DA:195,26
DA:196,0
DA:200,35
DA:201,35
DA:202,35
DA:203,35
DA:205,35
DA:206,35
DA:208,1663
DA:209,1628
DA:214,13
DA:216,13
DA:217,13
DA:220,19
DA:222,19
DA:223,19
DA:225,5
DA:227,5
DA:228,5
DA:230,3
DA:232,3
DA:233,3
LF:81
LH:79
end_of_record
TN:
SF:/home/runner/work/vectorfontstorm/vectorfontstorm/vectorfontstorm/point.cpp
FN:11,15,_ZN15vectorfontstorm5pointC2ERK7vector2IfENS0_5typesE
FN:17,19,_ZN15vectorfontstorm5pointD2Ev
FN:5,9,_ZN15vectorfontstorm5pointC2EffNS0_5typesE
FNDA:3360,_ZN15vectorfontstorm5pointC2ERK7vector2IfENS0_5typesE
FNDA:15308,_ZN15vectorfontstorm5pointD2Ev
FNDA:1070,_ZN15vectorfontstorm5pointC2EffNS0_5typesE
FNF:3
FNH:3
DA:5,1070
DA:6,1070
DA:7,1070
DA:9,1070
DA:11,3360
DA:12,3360
DA:13,3360
DA:15,3360
DA:17,15308
DA:19,15308
LF:10
LH:10
end_of_record
TN:
SF:/home/runner/work/vectorfontstorm/vectorfontstorm/vectorfontstorm/poly2tri/common/shapes.cc
FN:105,109,_ZN3p2t8Triangle14ClearNeighborsEv
FN:111,113,_ZN3p2t8Triangle17ClearDelunayEdgesEv
FN:115,118,_ZN3p2t8Triangle13OppositePointERS0_RKNS_5PointE
FN:121,125,_ZN3p2t8Triangle8LegalizeERNS_5PointE
FN:128,144,_ZN3p2t8Triangle8LegalizeERNS_5PointES2_
FN:146,156,_ZN3p2t8Triangle5IndexEPKNS_5PointE
FN:158,179,_ZN3p2t8Triangle9EdgeIndexEPKNS_5PointES3_
FN:181,183,_ZN3p2t8Triangle19MarkConstrainedEdgeEi
FN:185,187,_ZN3p2t8Triangle19MarkConstrainedEdgeERNS_4EdgeE
FN:190,198,_ZN3p2t8Triangle19MarkConstrainedEdgeEPNS_5PointES2_
FN:201,211,_ZN3p2t8Triangle7PointCWERKNS_5PointE
FN:214,224,_ZN3p2t8Triangle8PointCCWERKNS_5PointE
FN:227,234,_ZN3p2t8Triangle10NeighborCWERKNS_5PointE
FN:237,244,_ZN3p2t8Triangle11NeighborCCWERKNS_5PointE
FN:246,253,_ZN3p2t8Triangle21GetConstrainedEdgeCCWERKNS_5PointE
FN:255,262,_ZN3p2t8Triangle20GetConstrainedEdgeCWERKNS_5PointE
FN:264,272,_ZN3p2t8Triangle21SetConstrainedEdgeCCWERKNS_5PointEb
FN:274,282,_ZN3p2t8Triangle20SetConstrainedEdgeCWERKNS_5PointEb
FN:284,291,_ZN3p2t8Triangle17GetDelunayEdgeCCWERKNS_5PointE
FN:293,300,_ZN3p2t8Triangle16GetDelunayEdgeCWERKNS_5PointE
FN:302,310,_ZN3p2t8Triangle17SetDelunayEdgeCCWERKNS_5PointEb
FN:312,320,_ZN3p2t8Triangle16SetDelunayEdgeCWERKNS_5PointEb
FN:323,330,_ZN3p2t8Triangle14NeighborAcrossERKNS_5PointE
FN:332,336,_ZN3p2t8Triangle10DebugPrintEv
FN:36,50,_ZN3p2t8TriangleC2ERNS_5PointES2_S2_
FN:53,63,_ZN3p2t8Triangle12MarkNeighborEPNS_5PointES2_PS0_
FN:66,77,_ZN3p2t8Triangle12MarkNeighborERS0_
FN:82,93,_ZN3p2t8Triangle5ClearEv
FN:95,103,_ZN3p2t8Triangle13ClearNeighborEPKS0_
FNDA:940,_ZN3p2t8Triangle14ClearNeighborsEv
FNDA:0,_ZN3p2t8Triangle17ClearDelunayEdgesEv
FNDA:3190,_ZN3p2t8Triangle13OppositePointERS0_RKNS_5PointE
FNDA:0,_ZN3p2t8Triangle8LegalizeERNS_5PointE
FNDA:940,_ZN3p2t8Triangle8LegalizeERNS_5PointES2_
FNDA:3166,_ZN3p2t8Triangle5IndexEPKNS_5PointE
FNDA:1878,_ZN3p2t8Triangle9EdgeIndexEPKNS_5PointES3_
FNDA:956,_ZN3p2t8Triangle19MarkConstrainedEdgeEi
FNDA:0,_ZN3p2t8Triangle19MarkConstrainedEdgeERNS_4EdgeE
FNDA:380,_ZN3p2t8Triangle19MarkConstrainedEdgeEPNS_5PointES2_
FNDA:11954,_ZN3p2t8Triangle7PointCWERKNS_5PointE
FNDA:2866,_ZN3p2t8Triangle8PointCCWERKNS_5PointE
FNDA:940,_ZN3p2t8Triangle10NeighborCWERKNS_5PointE
FNDA:1450,_ZN3p2t8Triangle11NeighborCCWERKNS_5PointE
FNDA:940,_ZN3p2t8Triangle21GetConstrainedEdgeCCWERKNS_5PointE
FNDA:1024,_ZN3p2t8Triangle20GetConstrainedEdgeCWERKNS_5PointE
FNDA:940,_ZN3p2t8Triangle21SetConstrainedEdgeCCWERKNS_5PointEb
FNDA:940,_ZN3p2t8Triangle20SetConstrainedEdgeCWERKNS_5PointEb
FNDA:940,_ZN3p2t8Triangle17GetDelunayEdgeCCWERKNS_5PointE
FNDA:940,_ZN3p2t8Triangle16GetDelunayEdgeCWERKNS_5PointE
FNDA:940,_ZN3p2t8Triangle17SetDelunayEdgeCCWERKNS_5PointEb
FNDA:940,_ZN3p2t8Triangle16SetDelunayEdgeCWERKNS_5PointEb
FNDA:24,_ZN3p2t8Triangle14NeighborAcrossERKNS_5PointE
FNDA:0,_ZN3p2t8Triangle10DebugPrintEv
FNDA:1658,_ZN3p2t8TriangleC2ERNS_5PointES2_S2_
FNDA:3816,_ZN3p2t8Triangle12MarkNeighborEPNS_5PointES2_PS0_
FNDA:3816,_ZN3p2t8Triangle12MarkNeighborERS0_
FNDA:0,_ZN3p2t8Triangle5ClearEv
FNDA:0,_ZN3p2t8Triangle13ClearNeighborEPKS0_
FNF:29
FNH:23
DA:36,1658
DA:37,1658
DA:38,1658
DA:39,1658
DA:40,1658
DA:41,1658
DA:42,1658
DA:43,1658
DA:44,1658
DA:45,1658
DA:46,1658
DA:47,1658
DA:48,1658
DA:49,1658
DA:50,1658
DA:53,3816
DA:54,3816
DA:55,374
DA:56,3442
DA:57,1798
DA:58,1644
DA:59,1644
DA:61,0
DA:63,3816
DA:66,3816
DA:67,3816
DA:68,2344
DA:69,2344
DA:70,1472
DA:71,498
DA:72,498
DA:73,974
DA:74,974
DA:75,974
DA:77,3816
DA:82,0
DA:83,0
DA:84,0
DA:85,0
DA:86,0
DA:89,0
DA:90,0
DA:91,0
DA:92,0
DA:93,0
DA:95,0
DA:96,0
DA:97,0
DA:98,0
DA:99,0
DA:101,0
DA:103,0
DA:105,940
DA:106,940
DA:107,940
DA:108,940
DA:109,940
DA:111,0
DA:112,0
DA:113,0
DA:115,3190
DA:116,3190
DA:117,3190
DA:121,0
DA:122,0
DA:123,0
DA:124,0
DA:125,0
DA:128,940
DA:129,940
DA:130,378
DA:131,378
DA:132,378
DA:133,562
DA:134,380
DA:135,380
DA:136,380
DA:137,182
DA:138,182
DA:139,182
DA:140,182
DA:142,0
DA:144,940
DA:146,3166
DA:147,3166
DA:148,322
DA:149,2844
DA:150,1338
DA:151,1506
DA:152,1506
DA:154,0
DA:158,1878
DA:159,1878
DA:160,194
DA:161,60
DA:162,134
DA:163,134
DA:165,1684
DA:166,624
DA:167,2
DA:168,622
DA:169,622
DA:171,1060
DA:172,138
DA:173,74
DA:174,64
DA:175,64
DA:178,922
DA:181,956
DA:182,956
DA:183,956
DA:185,0
DA:186,0
DA:187,0
DA:190,380
DA:191,380
DA:192,28
DA:193,352
DA:194,56
DA:195,296
DA:196,296
DA:198,380
DA:201,11954
DA:202,11954
DA:203,5478
DA:204,6476
DA:205,2594
DA:206,3882
DA:207,3882
DA:209,0
DA:214,2866
DA:215,2866
DA:216,1772
DA:217,1094
DA:218,490
DA:219,604
DA:220,604
DA:222,0
DA:227,940
DA:228,940
DA:229,378
DA:230,562
DA:231,380
DA:233,182
DA:237,1450
DA:238,1450
DA:239,600
DA:240,850
DA:241,634
DA:243,216
DA:246,940
DA:247,940
DA:248,378
DA:249,562
DA:250,380
DA:252,182
DA:255,1024
DA:256,1024
DA:257,424
DA:258,600
DA:259,400
DA:261,200
DA:264,940
DA:265,940
DA:266,380
DA:267,560
DA:268,182
DA:270,378
DA:272,940
DA:274,940
DA:275,940
DA:276,182
DA:277,758
DA:278,378
DA:280,380
DA:282,940
DA:284,940
DA:285,940
DA:286,378
DA:287,562
DA:288,380
DA:290,182
DA:293,940
DA:294,940
DA:295,378
DA:296,562
DA:297,380
DA:299,182
DA:302,940
DA:303,940
DA:304,380
DA:305,560
DA:306,182
DA:308,378
DA:310,940
DA:312,940
DA:313,940
DA:314,182
DA:315,758
DA:316,378
DA:318,380
DA:320,940
DA:323,24
DA:324,24
DA:325,18
DA:326,6
DA:327,4
DA:329,2
DA:332,0
DA:333,0
DA:334,0
DA:335,0
DA:336,0
LF:213
LH:175
end_of_record
TN:
SF:/home/runner/work/vectorfontstorm/vectorfontstorm/vectorfontstorm/poly2tri/common/shapes.h
FN:121,139,_ZN3p2t4EdgeC2ERNS_5PointES2_
FN:212,222,_ZN3p2t3cmpESt10shared_ptrINS_5PointEES2_
FN:239,241,_ZN3p2teqERKNS_5PointES2_
FN:269,271,_ZN3p2t8Triangle8GetPointEi
FN:273,275,_ZN3p2t8Triangle11GetNeighborEi
FN:277,279,_ZN3p2t8Triangle8ContainsEPKNS_5PointE
FN:285,287,_ZN3p2t8Triangle8ContainsEPKNS_5PointES3_
FN:289,291,_ZN3p2t8Triangle10IsInteriorEv
FN:293,295,_ZN3p2t8Triangle10IsInteriorEb
FN:61,61,_ZN3p2t5PointC2Eff
FNDA:980,_ZN3p2t4EdgeC2ERNS_5PointES2_
FNDA:3856,_ZN3p2t3cmpESt10shared_ptrINS_5PointEES2_
FNDA:138,_ZN3p2teqERKNS_5PointES2_
FNDA:6078,_ZN3p2t8Triangle8GetPointEi
FNDA:14812,_ZN3p2t8Triangle11GetNeighborEi
FNDA:12026,_ZN3p2t8Triangle8ContainsEPKNS_5PointE
FNDA:6262,_ZN3p2t8Triangle8ContainsEPKNS_5PointES3_
FNDA:1752,_ZN3p2t8Triangle10IsInteriorEv
FNDA:888,_ZN3p2t8Triangle10IsInteriorEb
FNDA:1138,_ZN3p2t5PointC2Eff
FNF:10
FNH:10
DA:61,1138
DA:121,980
DA:122,980
DA:123,980
DA:124,980
DA:125,310
DA:126,310
DA:127,670
DA:128,362
DA:129,172
DA:130,172
DA:131,190
DA:133,0
DA:134,0
DA:138,980
DA:139,980
DA:212,3856
DA:213,3856
DA:214,2070
DA:215,1786
DA:217,772
DA:218,332
DA:221,1454
DA:239,138
DA:240,138
DA:269,6078
DA:270,6078
DA:273,14812
DA:274,14812
DA:277,12026
DA:278,12026
DA:285,6262
DA:286,6262
DA:289,1752
DA:290,1752
DA:293,888
DA:294,888
DA:295,888
LF:38
LH:36
end_of_record
TN:
SF:/home/runner/work/vectorfontstorm/vectorfontstorm/vectorfontstorm/poly2tri/common/utils.h
FN:111,122,_ZN3p2t10InScanAreaERKNS_5PointES2_S2_S2_
FN:67,77,_ZN3p2t8Orient2dERKNS_5PointES2_S2_
FNDA:24,_ZN3p2t10InScanAreaERKNS_5PointES2_S2_S2_
FNDA:1534,_ZN3p2t8Orient2dERKNS_5PointES2_S2_
FNF:2
FNH:2
DA:67,1534
DA:68,1534
DA:69,1534
DA:70,1534
DA:71,1534
DA:72,4
DA:73,1530
DA:74,268
DA:76,1262
DA:111,24
DA:112,24
DA:113,24
DA:114,0
DA:117,24
DA:118,24
DA:119,0
DA:121,24
LF:17
LH:15
end_of_record
TN:
SF:/home/runner/work/vectorfontstorm/vectorfontstorm/vectorfontstorm/poly2tri/sweep/advancing_front.cc
FN:102,103,_ZN3p2t14AdvancingFrontD2Ev
FN:35,39,_ZN3p2t14AdvancingFrontC2ERNS_4NodeES2_
FN:41,60,_ZN3p2t14AdvancingFront10LocateNodeEf
FN:62,65,_ZN3p2t14AdvancingFront14FindSearchNodeEv
FN:67,100,_ZN3p2t14AdvancingFront11LocatePointEPKNS_5PointE
FNDA:68,_ZN3p2t14AdvancingFrontD2Ev
FNDA:68,_ZN3p2t14AdvancingFrontC2ERNS_4NodeES2_
FNDA:912,_ZN3p2t14AdvancingFront10LocateNodeEf
FNDA:2708,_ZN3p2t14AdvancingFront14FindSearchNodeEv
FNDA:2708,_ZN3p2t14AdvancingFront11LocatePointEPKNS_5PointE
FNF:5
FNH:5
DA:35,68
DA:36,68
DA:37,68
DA:38,68
DA:39,68
DA:41,912
DA:42,912
DA:44,912
DA:45,580
DA:46,580
DA:47,220
DA:48,220
DA:52,1894
DA:53,1894
DA:54,692
DA:55,692
DA:59,0
DA:62,2708
DA:64,2708
DA:67,2708
DA:68,2708
DA:69,2708
DA:70,2708
DA:72,2708
DA:73,760
DA:75,698
DA:76,342
DA:77,356
DA:78,356
DA:80,0
DA:83,1948
DA:84,1250
DA:85,1250
DA:86,1176
DA:90,856
DA:91,856
DA:92,772
DA:96,2708
DA:97,2708
DA:99,2708
DA:102,68
DA:103,68
LF:42
LH:40
end_of_record
TN:
SF:/home/runner/work/vectorfontstorm/vectorfontstorm/vectorfontstorm/poly2tri/sweep/advancing_front.h
FN:51,57,_ZN3p2t4NodeC2ERNS_5PointE
FN:59,65,_ZN3p2t4NodeC2ERNS_5PointERNS_8TriangleE
FN:94,96,_ZN3p2t14AdvancingFront4headEv
FNDA:980,_ZN3p2t4NodeC2ERNS_5PointE
FNDA:136,_ZN3p2t4NodeC2ERNS_5PointERNS_8TriangleE
FNDA:136,_ZN3p2t14AdvancingFront4headEv
FNF:3
FNH:3
DA:51,980
DA:52,980
DA:53,980
DA:54,980
DA:55,980
DA:56,980
DA:57,980
DA:59,136
DA:60,136
DA:61,136
DA:62,136
DA:63,136
DA:64,136
DA:65,136
DA:94,136
DA:95,136
LF:16
LH:16
end_of_record
TN:
SF:/home/runner/work/vectorfontstorm/vectorfontstorm/vectorfontstorm/poly2tri/sweep/sweep.cc
FN:102,154,_ZN3p2t5Sweep9EdgeEventERNS_12SweepContextERNS_5PointES4_PNS_8TriangleES4_
FN:156,168,_ZN3p2t5Sweep20IsEdgeSideOfTriangleERNS_8TriangleERNS_5PointES4_
FN:170,189,_ZN3p2t5Sweep16NewFrontTriangleERNS_12SweepContextERNS_5PointERNS_4NodeE
FN:191,210,_ZN3p2t5Sweep4FillERNS_12SweepContextERNS_4NodeE
FN:212,245,_ZN3p2t5Sweep18FillAdvancingFrontERNS_12SweepContextERNS_4NodeE
FN:248,270,_ZNK3p2t5Sweep18LargeHole_DontFillEPKNS_4NodeE
FN:272,275,_ZNK3p2t5Sweep21AngleExceeds90DegreesEPKNS_5PointES3_S3_
FN:277,280,_ZNK3p2t5Sweep37AngleExceedsPlus90DegreesOrIsNegativeEPKNS_5PointES3_S3_
FN:282,300,_ZNK3p2t5Sweep5AngleEPKNS_5PointES3_S3_
FN:302,306,_ZNK3p2t5Sweep10BasinAngleERKNS_4NodeE
FN:308,322,_ZNK3p2t5Sweep9HoleAngleERKNS_4NodeE
FN:324,384,_ZN3p2t5Sweep8LegalizeERNS_12SweepContextERNS_8TriangleE
FN:386,421,_ZNK3p2t5Sweep8IncircleERKNS_5PointES3_S3_S3_
FN:40,47,_ZN3p2t5Sweep11TriangulateERNS_12SweepContextE
FN:423,477,_ZNK3p2t5Sweep18RotateTrianglePairERNS_8TriangleERNS_5PointES2_S4_
FN:479,511,_ZN3p2t5Sweep9FillBasinERNS_12SweepContextERNS_4NodeE
FN:49,57,_ZN3p2t5Sweep11SweepPointsERNS_12SweepContextE
FN:513,545,_ZN3p2t5Sweep12FillBasinReqERNS_12SweepContextEPNS_4NodeE
FN:547,561,_ZN3p2t5Sweep9IsShallowERNS_12SweepContextERNS_4NodeE
FN:563,569,_ZN3p2t5Sweep13FillEdgeEventERNS_12SweepContextEPNS_4EdgeEPNS_4NodeE
FN:571,580,_ZN3p2t5Sweep23FillRightAboveEdgeEventERNS_12SweepContextEPNS_4EdgeEPNS_4NodeE
FN:582,594,_ZN3p2t5Sweep23FillRightBelowEdgeEventERNS_12SweepContextEPNS_4EdgeERNS_4NodeE
FN:59,69,_ZN3p2t5Sweep19FinalizationPolygonERNS_12SweepContextE
FN:596,611,_ZN3p2t5Sweep25FillRightConcaveEdgeEventERNS_12SweepContextEPNS_4EdgeERNS_4NodeE
FN:613,628,_ZN3p2t5Sweep24FillRightConvexEdgeEventERNS_12SweepContextEPNS_4EdgeERNS_4NodeE
FN:630,639,_ZN3p2t5Sweep22FillLeftAboveEdgeEventERNS_12SweepContextEPNS_4EdgeEPNS_4NodeE
FN:641,653,_ZN3p2t5Sweep22FillLeftBelowEdgeEventERNS_12SweepContextEPNS_4EdgeERNS_4NodeE
FN:655,670,_ZN3p2t5Sweep23FillLeftConvexEdgeEventERNS_12SweepContextEPNS_4EdgeERNS_4NodeE
FN:672,687,_ZN3p2t5Sweep24FillLeftConcaveEdgeEventERNS_12SweepContextEPNS_4EdgeERNS_4NodeE
FN:689,718,_ZN3p2t5Sweep13FlipEdgeEventERNS_12SweepContextERNS_5PointES4_PNS_8TriangleES4_
FN:71,85,_ZN3p2t5Sweep10PointEventERNS_12SweepContextERNS_5PointE
FN:720,737,_ZN3p2t5Sweep16NextFlipTriangleERNS_12SweepContextEiRNS_8TriangleES4_RNS_5PointES6_
FN:739,749,_ZN3p2t5Sweep13NextFlipPointERNS_5PointES2_RNS_8TriangleES2_
FN:751,770,_ZN3p2t5Sweep17FlipScanEdgeEventERNS_12SweepContextERNS_5PointES4_RNS_8TriangleES6_S4_
FN:772,779,_ZN3p2t5SweepD2Ev
FN:87,100,_ZN3p2t5Sweep9EdgeEventERNS_12SweepContextEPNS_4EdgeEPNS_4NodeE
FNDA:898,_ZN3p2t5Sweep9EdgeEventERNS_12SweepContextERNS_5PointES4_PNS_8TriangleES4_
FNDA:1878,_ZN3p2t5Sweep20IsEdgeSideOfTriangleERNS_8TriangleERNS_5PointES4_
FNDA:912,_ZN3p2t5Sweep16NewFrontTriangleERNS_12SweepContextERNS_5PointERNS_4NodeE
FNDA:678,_ZN3p2t5Sweep4FillERNS_12SweepContextERNS_4NodeE
FNDA:912,_ZN3p2t5Sweep18FillAdvancingFrontERNS_12SweepContextERNS_4NodeE
FNDA:1726,_ZNK3p2t5Sweep18LargeHole_DontFillEPKNS_4NodeE
FNDA:1726,_ZNK3p2t5Sweep21AngleExceeds90DegreesEPKNS_5PointES3_S3_
FNDA:2558,_ZNK3p2t5Sweep37AngleExceedsPlus90DegreesOrIsNegativeEPKNS_5PointES3_S3_
FNDA:4284,_ZNK3p2t5Sweep5AngleEPKNS_5PointES3_S3_
FNDA:654,_ZNK3p2t5Sweep10BasinAngleERKNS_4NodeE
FNDA:0,_ZNK3p2t5Sweep9HoleAngleERKNS_4NodeE
FNDA:2530,_ZN3p2t5Sweep8LegalizeERNS_12SweepContextERNS_8TriangleE
FNDA:2324,_ZNK3p2t5Sweep8IncircleERKNS_5PointES3_S3_S3_
FNDA:68,_ZN3p2t5Sweep11TriangulateERNS_12SweepContextE
FNDA:470,_ZNK3p2t5Sweep18RotateTrianglePairERNS_8TriangleERNS_5PointES2_S4_
FNDA:340,_ZN3p2t5Sweep9FillBasinERNS_12SweepContextERNS_4NodeE
FNDA:68,_ZN3p2t5Sweep11SweepPointsERNS_12SweepContextE
FNDA:50,_ZN3p2t5Sweep12FillBasinReqERNS_12SweepContextEPNS_4NodeE
FNDA:50,_ZN3p2t5Sweep9IsShallowERNS_12SweepContextERNS_4NodeE
FNDA:404,_ZN3p2t5Sweep13FillEdgeEventERNS_12SweepContextEPNS_4EdgeEPNS_4NodeE
FNDA:20,_ZN3p2t5Sweep23FillRightAboveEdgeEventERNS_12SweepContextEPNS_4EdgeEPNS_4NodeE
FNDA:10,_ZN3p2t5Sweep23FillRightBelowEdgeEventERNS_12SweepContextEPNS_4EdgeERNS_4NodeE
FNDA:68,_ZN3p2t5Sweep19FinalizationPolygonERNS_12SweepContextE
FNDA:30,_ZN3p2t5Sweep25FillRightConcaveEdgeEventERNS_12SweepContextEPNS_4EdgeERNS_4NodeE
FNDA:0,_ZN3p2t5Sweep24FillRightConvexEdgeEventERNS_12SweepContextEPNS_4EdgeERNS_4NodeE
FNDA:384,_ZN3p2t5Sweep22FillLeftAboveEdgeEventERNS_12SweepContextEPNS_4EdgeEPNS_4NodeE
FNDA:26,_ZN3p2t5Sweep22FillLeftBelowEdgeEventERNS_12SweepContextEPNS_4EdgeERNS_4NodeE
FNDA:0,_ZN3p2t5Sweep23FillLeftConvexEdgeEventERNS_12SweepContextEPNS_4EdgeERNS_4NodeE
FNDA:46,_ZN3p2t5Sweep24FillLeftConcaveEdgeEventERNS_12SweepContextEPNS_4EdgeERNS_4NodeE
FNDA:24,_ZN3p2t5Sweep13FlipEdgeEventERNS_12SweepContextERNS_5PointES4_PNS_8TriangleES4_
FNDA:912,_ZN3p2t5Sweep10PointEventERNS_12SweepContextERNS_5PointE
FNDA:0,_ZN3p2t5Sweep16NextFlipTriangleERNS_12SweepContextEiRNS_8TriangleES4_RNS_5PointES6_
FNDA:0,_ZN3p2t5Sweep13NextFlipPointERNS_5PointES2_RNS_8TriangleES2_
FNDA:0,_ZN3p2t5Sweep17FlipScanEdgeEventERNS_12SweepContextERNS_5PointES4_RNS_8TriangleES6_S4_
FNDA:68,_ZN3p2t5SweepD2Ev
FNDA:980,_ZN3p2t5Sweep9EdgeEventERNS_12SweepContextEPNS_4EdgeEPNS_4NodeE
FNF:36
FNH:30
DA:40,68
DA:41,68
DA:42,68
DA:44,68
DA:46,68
DA:47,68
DA:49,68
DA:50,980
DA:51,912
DA:52,912
DA:53,1892
DA:54,980
DA:57,68
DA:59,68
DA:61,68
DA:62,68
DA:63,84
DA:64,16
DA:68,68
DA:69,68
DA:71,912
DA:72,912
DA:73,912
DA:77,912
DA:78,342
DA:83,912
DA:84,912
DA:87,980
DA:88,980
DA:89,980
DA:91,980
DA:92,576
DA:98,404
DA:99,404
DA:102,898
DA:103,898
DA:104,380
DA:107,518
DA:108,518
DA:109,518
DA:110,0
DA:111,0
DA:114,0
DA:115,0
DA:116,0
DA:118,0
DA:119,0
DA:121,0
DA:124,518
DA:125,518
DA:126,518
DA:127,0
DA:128,0
DA:131,0
DA:132,0
DA:133,0
DA:135,0
DA:136,0
DA:138,0
DA:141,518
DA:144,494
DA:145,494
DA:147,0
DA:149,494
DA:152,24
DA:156,1878
DA:157,1878
DA:159,1878
DA:160,956
DA:161,956
DA:162,956
DA:163,332
DA:165,956
DA:167,922
DA:170,912
DA:171,912
DA:173,912
DA:174,912
DA:176,912
DA:177,912
DA:179,912
DA:180,912
DA:181,912
DA:182,912
DA:184,912
DA:185,698
DA:188,912
DA:191,678
DA:192,678
DA:196,678
DA:197,678
DA:199,678
DA:202,678
DA:203,678
DA:206,678
DA:207,552
DA:210,678
DA:212,912
DA:215,912
DA:217,1030
DA:219,772
DA:220,654
DA:222,118
DA:223,118
DA:227,912
DA:229,1046
DA:231,954
DA:232,820
DA:234,134
DA:235,134
DA:239,912
DA:240,654
DA:241,654
DA:242,340
DA:245,912
DA:248,1726
DA:250,1726
DA:251,1726
DA:252,1726
DA:253,214
DA:257,1512
DA:259,1512
DA:260,26
DA:263,1486
DA:265,1486
DA:266,12
DA:269,1474
DA:272,1726
DA:273,1726
DA:274,1726
DA:277,2558
DA:278,2558
DA:279,2558
DA:282,4284
DA:291,4284
DA:292,4284
DA:293,4284
DA:294,4284
DA:295,4284
DA:296,4284
DA:297,4284
DA:298,4284
DA:299,4284
DA:302,654
DA:303,654
DA:304,654
DA:305,654
DA:308,0
DA:317,0
DA:318,0
DA:319,0
DA:320,0
DA:321,0
DA:324,2530
DA:327,8952
DA:328,6868
DA:329,948
DA:332,5920
DA:334,5920
DA:335,3166
DA:336,3166
DA:337,3166
DA:341,3166
DA:342,842
DA:343,842
DA:346,2324
DA:348,2324
DA:350,446
DA:351,446
DA:354,446
DA:360,446
DA:361,446
DA:362,406
DA:365,446
DA:366,446
DA:367,380
DA:374,446
DA:375,446
DA:379,446
DA:383,2084
DA:386,2324
DA:387,2324
DA:388,2324
DA:389,2324
DA:390,2324
DA:392,2324
DA:393,2324
DA:394,2324
DA:396,2324
DA:397,674
DA:400,1650
DA:401,1650
DA:403,1650
DA:404,1650
DA:405,1650
DA:407,1650
DA:408,326
DA:411,1324
DA:412,1324
DA:414,1324
DA:415,1324
DA:416,1324
DA:418,1324
DA:420,1324
DA:423,470
DA:425,470
DA:426,470
DA:427,470
DA:428,470
DA:431,470
DA:432,470
DA:433,470
DA:434,470
DA:437,470
DA:438,470
DA:439,470
DA:440,470
DA:442,470
DA:443,470
DA:446,470
DA:447,470
DA:448,470
DA:449,470
DA:452,470
DA:453,470
DA:454,470
DA:455,470
DA:462,470
DA:463,470
DA:464,470
DA:465,176
DA:467,470
DA:468,136
DA:470,470
DA:471,380
DA:473,470
DA:474,386
DA:476,470
DA:477,470
DA:479,340
DA:480,340
DA:481,178
DA:483,162
DA:487,340
DA:488,340
DA:489,818
DA:490,478
DA:492,340
DA:494,80
DA:497,260
DA:498,260
DA:499,336
DA:500,76
DA:502,260
DA:504,210
DA:507,50
DA:508,50
DA:510,50
DA:513,50
DA:515,50
DA:516,42
DA:519,8
DA:521,8
DA:522,6
DA:523,2
DA:524,0
DA:525,0
DA:526,0
DA:528,0
DA:529,2
DA:530,2
DA:531,2
DA:532,2
DA:534,0
DA:537,0
DA:538,0
DA:540,0
DA:544,0
DA:547,50
DA:550,50
DA:551,4
DA:553,46
DA:557,50
DA:558,42
DA:560,8
DA:563,404
DA:564,404
DA:565,20
DA:567,384
DA:569,404
DA:571,20
DA:572,30
DA:574,10
DA:575,10
DA:577,0
DA:580,20
DA:582,10
DA:583,10
DA:584,10
DA:586,10
DA:589,0
DA:591,0
DA:594,10
DA:596,30
DA:597,30
DA:598,30
DA:600,20
DA:602,20
DA:604,20
DA:611,30
DA:613,0
DA:615,0
DA:617,0
DA:621,0
DA:623,0
DA:628,0
DA:630,384
DA:631,414
DA:633,30
DA:634,26
DA:636,4
DA:639,384
DA:641,26
DA:642,26
DA:643,26
DA:645,26
DA:648,0
DA:650,0
DA:653,26
DA:655,0
DA:657,0
DA:659,0
DA:663,0
DA:665,0
DA:670,0
DA:672,46
DA:673,46
DA:674,46
DA:676,20
DA:678,20
DA:680,20
DA:687,46
DA:689,24
DA:690,24
DA:691,24
DA:693,24
DA:695,24
DA:696,24
DA:697,24
DA:699,24
DA:700,24
DA:701,24
DA:702,24
DA:703,24
DA:704,24
DA:709,0
DA:710,0
DA:711,0
DA:714,0
DA:715,0
DA:716,0
DA:718,24
DA:720,0
DA:721,0
DA:723,0
DA:724,0
DA:725,0
DA:726,0
DA:727,0
DA:731,0
DA:733,0
DA:734,0
DA:735,0
DA:736,0
DA:739,0
DA:740,0
DA:741,0
DA:743,0
DA:744,0
DA:746,0
DA:748,0
DA:751,0
DA:753,0
DA:754,0
DA:756,0
DA:758,0
DA:767,0
DA:768,0
DA:770,0
DA:772,68
DA:775,980
DA:776,912
DA:779,68
LF:393
LH:311
end_of_record
TN:
SF:/home/runner/work/vectorfontstorm/vectorfontstorm/vectorfontstorm/poly2tri/sweep/sweep.h
FNF:0
FNH:0
LF:0
LH:0
end_of_record
TN:
SF:/home/runner/work/vectorfontstorm/vectorfontstorm/vectorfontstorm/poly2tri/sweep/sweep_context.cc
FN:111,113,_ZN3p2t12SweepContext8GetPointEm
FN:115,117,_ZN3p2t12SweepContext8AddToMapEPNS_8TriangleE
FN:119,122,_ZN3p2t12SweepContext10LocateNodeERKNS_5PointE
FN:124,141,_ZN3p2t12SweepContext20CreateAdvancingFrontEv
FN:143,145,_ZN3p2t12SweepContext10RemoveNodeEPNS_4NodeE
FN:147,156,_ZN3p2t12SweepContext18MapTriangleToNodesERNS_8TriangleE
FN:158,160,_ZN3p2t12SweepContext13RemoveFromMapEPNS_8TriangleE
FN:162,180,_ZN3p2t12SweepContext9MeshCleanERNS_8TriangleE
FN:182,196,_ZN3p2t12SweepContextD2Ev
FN:37,46,_ZN3p2t12SweepContextC2ERKSt6vectorISt10shared_ptrINS_5PointEESaIS4_EE
FN:48,53,_ZN3p2t12SweepContext7AddHoleERKSt6vectorISt10shared_ptrINS_5PointEESaIS4_EE
FN:55,57,_ZN3p2t12SweepContext8AddPointEPNS_5PointE
FN:59,61,_ZN3p2t12SweepContext12GetTrianglesEv
FN:63,65,_ZN3p2t12SweepContext6GetMapB5cxx11Ev
FN:67,96,_ZN3p2t12SweepContext17InitTriangulationEv
FN:98,109,_ZN3p2t12SweepContext9InitEdgesERKSt6vectorISt10shared_ptrINS_5PointEESaIS4_EE
FNDA:912,_ZN3p2t12SweepContext8GetPointEm
FNDA:1590,_ZN3p2t12SweepContext8AddToMapEPNS_8TriangleE
FNDA:912,_ZN3p2t12SweepContext10LocateNodeERKNS_5PointE
FNDA:68,_ZN3p2t12SweepContext20CreateAdvancingFrontEv
FNDA:0,_ZN3p2t12SweepContext10RemoveNodeEPNS_4NodeE
FNDA:2084,_ZN3p2t12SweepContext18MapTriangleToNodesERNS_8TriangleE
FNDA:0,_ZN3p2t12SweepContext13RemoveFromMapEPNS_8TriangleE
FNDA:68,_ZN3p2t12SweepContext9MeshCleanERNS_8TriangleE
FNDA:68,_ZN3p2t12SweepContextD2Ev
FNDA:68,_ZN3p2t12SweepContextC2ERKSt6vectorISt10shared_ptrINS_5PointEESaIS4_EE
FNDA:22,_ZN3p2t12SweepContext7AddHoleERKSt6vectorISt10shared_ptrINS_5PointEESaIS4_EE
FNDA:0,_ZN3p2t12SweepContext8AddPointEPNS_5PointE
FNDA:0,_ZN3p2t12SweepContext12GetTrianglesEv
FNDA:0,_ZN3p2t12SweepContext6GetMapB5cxx11Ev
FNDA:68,_ZN3p2t12SweepContext17InitTriangulationEv
FNDA:90,_ZN3p2t12SweepContext9InitEdgesERKSt6vectorISt10shared_ptrINS_5PointEESaIS4_EE
FNF:16
FNH:11
DA:37,68
DA:38,68
DA:39,68
DA:40,68
DA:41,68
DA:42,68
DA:43,68
DA:44,68
DA:45,68
DA:46,68
DA:48,22
DA:49,22
DA:50,306
DA:51,284
DA:53,22
DA:55,0
DA:56,0
DA:57,0
DA:59,0
DA:60,0
DA:63,0
DA:64,0
DA:67,68
DA:68,68
DA:69,68
DA:72,1048
DA:73,980
DA:74,980
DA:75,218
DA:77,980
DA:78,82
DA:80,980
DA:81,72
DA:83,980
DA:84,188
DA:88,68
DA:89,68
DA:90,68
DA:91,68
DA:94,68
DA:96,68
DA:98,90
DA:99,90
DA:100,1070
DA:101,980
DA:107,980
DA:109,90
DA:111,912
DA:112,912
DA:115,1590
DA:116,1590
DA:117,1590
DA:119,912
DA:121,912
DA:124,68
DA:126,68
DA:128,68
DA:130,68
DA:131,68
DA:132,68
DA:133,68
DA:137,68
DA:138,68
DA:139,68
DA:140,68
DA:141,68
DA:143,0
DA:144,0
DA:145,0
DA:147,2084
DA:148,8336
DA:149,6252
DA:150,2708
DA:151,2708
DA:152,2708
DA:156,2084
DA:158,0
DA:159,0
DA:160,0
DA:162,68
DA:163,68
DA:164,68
DA:166,1820
DA:167,1752
DA:168,1752
DA:170,1752
DA:171,888
DA:172,888
DA:173,3552
DA:174,2664
DA:175,1684
DA:180,68
DA:182,68
DA:184,68
DA:185,68
DA:186,68
DA:187,68
DA:188,68
DA:189,68
DA:190,1726
DA:191,1658
DA:193,1048
DA:194,980
DA:196,68
LF:104
LH:91
end_of_record
TN:
SF:/home/runner/work/vectorfontstorm/vectorfontstorm/vectorfontstorm/poly2tri/sweep/sweep_context.h
FN:106,107,_ZN3p2t12SweepContext5BasinC2Ev
FN:122,123,_ZN3p2t12SweepContext9EdgeEventC2Ev
FN:151,153,_ZNK3p2t12SweepContext5frontEv
FN:155,157,_ZNK3p2t12SweepContext11point_countEv
FNDA:68,_ZN3p2t12SweepContext5BasinC2Ev
FNDA:68,_ZN3p2t12SweepContext9EdgeEventC2Ev
FNDA:136,_ZNK3p2t12SweepContext5frontEv
FNDA:980,_ZNK3p2t12SweepContext11point_countEv
FNF:4
FNH:4
DA:106,68
DA:107,68
DA:122,68
DA:123,68
DA:151,136
DA:152,136
DA:155,980
DA:156,980
LF:8
LH:8
end_of_record
TN:
SF:/home/runner/work/vectorfontstorm/vectorfontstorm/vectorfontstorm/segment.h
FN:101,152,_ZNK15vectorfontstorm7segmentI10TestVertexE11get_outlineERSt6vectorISt10shared_ptrIN3p2t5PointEESaIS7_EE
FN:155,161,_ZNK15vectorfontstorm7segmentI10TestVertexE17get_outline_firstERSt6vectorISt10shared_ptrIN3p2t5PointEESaIS7_EE
FN:164,223,_ZNK15vectorfontstorm7segmentI10TestVertexE11get_extrudeERNS_11buffer_dataIS1_EE
FN:226,235,_ZNK15vectorfontstorm7segmentI10TestVertexE15subdivide_conicERSt6vectorIS2_SaIS2_EE
FN:237,244,_ZNK15vectorfontstorm7segmentI10TestVertexE15subdivide_cubicERSt6vectorIS2_SaIS2_EE
FN:247,250,_ZN15vectorfontstorm7segmentI10TestVertexE7reverseEv
FN:46,48,_ZN15vectorfontstorm7segmentI10TestVertexEC2Ev
FN:51,53,_ZN15vectorfontstorm7segmentI10TestVertexED2Ev
FN:56,61,_ZN15vectorfontstorm7segmentI10TestVertexE24get_second_to_last_pointEv
FN:64,98,_ZNK15vectorfontstorm7segmentI10TestVertexE11get_outlineERNS_11buffer_dataIS1_EE
FNDA:1406,_ZNK15vectorfontstorm7segmentI10TestVertexE11get_outlineERSt6vectorISt10shared_ptrIN3p2t5PointEESaIS7_EE
FNDA:90,_ZNK15vectorfontstorm7segmentI10TestVertexE17get_outline_firstERSt6vectorISt10shared_ptrIN3p2t5PointEESaIS7_EE
FNDA:703,_ZNK15vectorfontstorm7segmentI10TestVertexE11get_extrudeERNS_11buffer_dataIS1_EE
FNDA:672,_ZNK15vectorfontstorm7segmentI10TestVertexE15subdivide_conicERSt6vectorIS2_SaIS2_EE
FNDA:0,_ZNK15vectorfontstorm7segmentI10TestVertexE15subdivide_cubicERSt6vectorIS2_SaIS2_EE
FNDA:291,_ZN15vectorfontstorm7segmentI10TestVertexE7reverseEv
FNDA:1207,_ZN15vectorfontstorm7segmentI10TestVertexEC2Ev
FNDA:2275,_ZN15vectorfontstorm7segmentI10TestVertexED2Ev
FNDA:445,_ZN15vectorfontstorm7segmentI10TestVertexE24get_second_to_last_pointEv
FNDA:703,_ZNK15vectorfontstorm7segmentI10TestVertexE11get_outlineERNS_11buffer_dataIS1_EE
FNF:10
FNH:9
DA:46,1207
DA:48,1207
DA:51,2275
DA:53,2275
DA:56,445
DA:60,445
DA:64,703
DA:69,703
DA:70,0
DA:71,0
DA:72,0
DA:73,535
DA:74,535
DA:75,535
DA:76,535
DA:77,535
DA:78,535
DA:79,168
DA:81,168
DA:82,168
DA:83,336
DA:84,168
DA:86,168
DA:87,168
DA:88,0
DA:90,0
DA:91,0
DA:92,0
DA:93,0
DA:95,0
DA:96,0
DA:101,1406
DA:106,1406
DA:107,0
DA:108,0
DA:109,0
DA:110,1070
DA:115,1070
DA:116,1460
DA:117,390
DA:121,90
DA:125,980
DA:126,980
DA:127,336
DA:132,336
DA:133,336
DA:134,672
DA:135,336
DA:137,336
DA:138,336
DA:139,0
DA:144,0
DA:145,0
DA:146,0
DA:147,0
DA:149,0
DA:150,0
DA:155,90
DA:160,90
DA:161,90
DA:164,703
DA:169,703
DA:170,0
DA:171,0
DA:172,0
DA:173,535
DA:175,535
DA:178,535
DA:179,535
DA:180,535
DA:181,535
DA:182,535
DA:183,535
DA:184,535
DA:185,535
DA:186,535
DA:187,535
DA:188,535
DA:189,535
DA:203,535
DA:204,168
DA:206,168
DA:207,168
DA:208,336
DA:209,168
DA:211,168
DA:212,168
DA:213,0
DA:215,0
DA:216,0
DA:217,0
DA:218,0
DA:220,0
DA:221,0
DA:226,672
DA:229,672
DA:230,672
DA:231,672
DA:232,672
DA:235,672
DA:237,0
DA:240,0
DA:241,0
DA:242,0
DA:243,0
DA:244,0
DA:247,291
DA:249,291
DA:250,291
LF:109
LH:73
end_of_record
TN:
SF:/usr/include/boost/range/iterator_range_core.hpp
FN:215,219,_ZN5boost21iterator_range_detail19iterator_range_baseIN9__gnu_cxx17__normal_iteratorIPjSt6vectorIjSaIjEEEENS_9iterators27incrementable_traversal_tagEEC2IS8_EET_SD_
FN:222,225,_ZNK5boost21iterator_range_detail19iterator_range_baseIN9__gnu_cxx17__normal_iteratorIPjSt6vectorIjSaIjEEEENS_9iterators27incrementable_traversal_tagEE5beginEv
FN:227,230,_ZNK5boost21iterator_range_detail19iterator_range_baseIN9__gnu_cxx17__normal_iteratorIPjSt6vectorIjSaIjEEEENS_9iterators27incrementable_traversal_tagEE3endEv
FN:312,315,_ZN5boost21iterator_range_detail19iterator_range_baseIN9__gnu_cxx17__normal_iteratorIPjSt6vectorIjSaIjEEEENS_9iterators27bidirectional_traversal_tagEEC2IS8_EET_SD_
FN:381,384,_ZN5boost21iterator_range_detail19iterator_range_baseIN9__gnu_cxx17__normal_iteratorIPjSt6vectorIjSaIjEEEENS_9iterators27random_access_traversal_tagEEC2IS8_EET_SD_
FN:483,486,_ZN5boost14iterator_rangeIN9__gnu_cxx17__normal_iteratorIPjSt6vectorIjSaIjEEEEEC2IS7_EET_SA_
FN:756,759,_ZN5boost19make_iterator_rangeIN9__gnu_cxx17__normal_iteratorIPjSt6vectorIjSaIjEEEEEENS_14iterator_rangeIT_EES9_S9_
FNDA:35,_ZN5boost21iterator_range_detail19iterator_range_baseIN9__gnu_cxx17__normal_iteratorIPjSt6vectorIjSaIjEEEENS_9iterators27incrementable_traversal_tagEEC2IS8_EET_SD_
FNDA:35,_ZNK5boost21iterator_range_detail19iterator_range_baseIN9__gnu_cxx17__normal_iteratorIPjSt6vectorIjSaIjEEEENS_9iterators27incrementable_traversal_tagEE5beginEv
FNDA:35,_ZNK5boost21iterator_range_detail19iterator_range_baseIN9__gnu_cxx17__normal_iteratorIPjSt6vectorIjSaIjEEEENS_9iterators27incrementable_traversal_tagEE3endEv
FNDA:35,_ZN5boost21iterator_range_detail19iterator_range_baseIN9__gnu_cxx17__normal_iteratorIPjSt6vectorIjSaIjEEEENS_9iterators27bidirectional_traversal_tagEEC2IS8_EET_SD_
FNDA:35,_ZN5boost21iterator_range_detail19iterator_range_baseIN9__gnu_cxx17__normal_iteratorIPjSt6vectorIjSaIjEEEENS_9iterators27random_access_traversal_tagEEC2IS8_EET_SD_
FNDA:35,_ZN5boost14iterator_rangeIN9__gnu_cxx17__normal_iteratorIPjSt6vectorIjSaIjEEEEEC2IS7_EET_SA_
FNDA:35,_ZN5boost19make_iterator_rangeIN9__gnu_cxx17__normal_iteratorIPjSt6vectorIjSaIjEEEEEENS_14iterator_rangeIT_EES9_S9_
FNF:7
FNH:7
DA:215,35
DA:216,35
DA:217,35
DA:219,35
DA:222,35
DA:224,35
DA:227,35
DA:229,35
DA:312,35
DA:313,35
DA:315,35
DA:381,35
DA:382,35
DA:384,35
DA:483,35
DA:484,35
DA:486,35
DA:756,35
DA:758,35
LF:19
LH:19
end_of_record
TN:
SF:/usr/include/c++/13/bit
FN:195,237,_ZSt13__countl_zeroImEiT_
FN:365,369,_ZSt11__bit_widthImEiT_
FNDA:1393,_ZSt13__countl_zeroImEiT_
FNDA:1393,_ZSt11__bit_widthImEiT_
FNF:2
FNH:2
DA:195,1393
DA:198,1393
DA:200,1393
DA:201,0
DA:203,1393
DA:204,1393
DA:205,1393
DA:214,1393
DA:215,1393
DA:365,1393
DA:367,1393
DA:368,1393
LF:12
LH:11
end_of_record
TN:
SF:/usr/include/c++/13/bits/alloc_traits.h
FNF:0
FNH:0
DA:482,10618
DA:517,9957
DA:538,38590
DA:542,39842
DA:562,17079
DA:574,15459
DA:588,1405
DA:722,0
DA:755,14
DA:759,14
DA:792,1
DA:948,6405
DA:949,6405
LF:13
LH:12
end_of_record
TN:
SF:/usr/include/c++/13/bits/allocated_ptr.h
FN:53,55,_ZNSt15__allocated_ptrISaISt10_List_nodeIPN3p2t8TriangleEEEEC2ERS5_PS4_
FN:71,75,_ZNSt15__allocated_ptrISaISt10_List_nodeIPN3p2t8TriangleEEEED2Ev
FN:79,83,_ZNSt15__allocated_ptrISaISt10_List_nodeIPN3p2t8TriangleEEEEaSEDn
FNDA:1658,_ZNSt15__allocated_ptrISaISt10_List_nodeIPN3p2t8TriangleEEEEC2ERS5_PS4_
FNDA:1658,_ZNSt15__allocated_ptrISaISt10_List_nodeIPN3p2t8TriangleEEEED2Ev
FNDA:1658,_ZNSt15__allocated_ptrISaISt10_List_nodeIPN3p2t8TriangleEEEEaSEDn
FNF:3
FNH:3
DA:53,1658
DA:54,1658
DA:55,1658
DA:71,1658
DA:73,1658
DA:74,0
DA:75,1658
DA:79,1658
DA:81,1658
DA:82,1658
LF:10
LH:9
end_of_record
TN:
SF:/usr/include/c++/13/bits/allocator.h
FNF:0
FNH:0
DA:163,3892
DA:168,2893
DA:178,30
DA:184,1529
DA:223,0
LF:5
LH:4
end_of_record
TN:
SF:/usr/include/c++/13/bits/basic_string.h
FN:1071,1072,_ZNKSt7__cxx1112basic_stringIDiSt11char_traitsIDiESaIDiEE4sizeEv
FN:1084,1085,_ZNKSt7__cxx1112basic_stringIDiSt11char_traitsIDiESaIDiEE8max_sizeEv
FN:124,137,_ZNSt7__cxx1112basic_stringIDiSt11char_traitsIDiESaIDiEE11_S_allocateERS3_m
FN:188,189,_ZNSt7__cxx1112basic_stringIDiSt11char_traitsIDiESaIDiEE12_Alloc_hiderC2EPDiRKS3_
FN:212,213,_ZNSt7__cxx1112basic_stringIDiSt11char_traitsIDiESaIDiEE7_M_dataEPDi
FN:217,218,_ZNSt7__cxx1112basic_stringIDiSt11char_traitsIDiESaIDiEE9_M_lengthEm
FN:222,223,_ZNKSt7__cxx1112basic_stringIDiSt11char_traitsIDiESaIDiEE7_M_dataEv
FN:227,234,_ZNSt7__cxx1112basic_stringIDiSt11char_traitsIDiESaIDiEE13_M_local_dataEv
FN:238,245,_ZNKSt7__cxx1112basic_stringIDiSt11char_traitsIDiESaIDiEE13_M_local_dataEv
FN:249,250,_ZNSt7__cxx1112basic_stringIDiSt11char_traitsIDiESaIDiEE11_M_capacityEm
FN:254,258,_ZNSt7__cxx1112basic_stringIDiSt11char_traitsIDiESaIDiEE13_M_set_lengthEm
FN:262,271,_ZNKSt7__cxx1112basic_stringIDiSt11char_traitsIDiESaIDiEE11_M_is_localEv
FN:280,284,_ZNSt7__cxx1112basic_stringIDiSt11char_traitsIDiESaIDiEE10_M_disposeEv
FN:288,289,_ZNSt7__cxx1112basic_stringIDiSt11char_traitsIDiESaIDiEE10_M_destroyEm
FN:336,337,_ZNSt7__cxx1112basic_stringIDiSt11char_traitsIDiESaIDiEE16_M_get_allocatorEv
FN:341,342,_ZNKSt7__cxx1112basic_stringIDiSt11char_traitsIDiESaIDiEE16_M_get_allocatorEv
FN:425,431,_ZNSt7__cxx1112basic_stringIDiSt11char_traitsIDiESaIDiEE7_S_copyEPDiPKDim
FN:4487,4488,_ZNSt8literals15string_literalsli1sB5cxx11EPKcm
FN:482,484,_ZNSt7__cxx1112basic_stringIDiSt11char_traitsIDiESaIDiEE13_S_copy_charsEPDiPKDiS7_
FN:641,650,_ZNSt7__cxx1112basic_stringIcSt11char_traitsIcESaIcEEC2IS3_EEPKcRKS3_
FN:706,708,_ZNSt7__cxx1112basic_stringIDiSt11char_traitsIDiESaIDiEEC2ESt16initializer_listIDiERKS3_
FN:803,804,_ZNSt7__cxx1112basic_stringIDiSt11char_traitsIDiESaIDiEED2Ev
FN:955,956,_ZNSt7__cxx1112basic_stringIDiSt11char_traitsIDiESaIDiEE5beginEv
FN:973,974,_ZNSt7__cxx1112basic_stringIDiSt11char_traitsIDiESaIDiEE3endEv
FNDA:4,_ZNKSt7__cxx1112basic_stringIDiSt11char_traitsIDiESaIDiEE4sizeEv
FNDA:2,_ZNKSt7__cxx1112basic_stringIDiSt11char_traitsIDiESaIDiEE8max_sizeEv
FNDA:2,_ZNSt7__cxx1112basic_stringIDiSt11char_traitsIDiESaIDiEE11_S_allocateERS3_m
FNDA:4,_ZNSt7__cxx1112basic_stringIDiSt11char_traitsIDiESaIDiEE12_Alloc_hiderC2EPDiRKS3_
FNDA:2,_ZNSt7__cxx1112basic_stringIDiSt11char_traitsIDiESaIDiEE7_M_dataEPDi
FNDA:4,_ZNSt7__cxx1112basic_stringIDiSt11char_traitsIDiESaIDiEE9_M_lengthEm
FNDA:22,_ZNKSt7__cxx1112basic_stringIDiSt11char_traitsIDiESaIDiEE7_M_dataEv
FNDA:4,_ZNSt7__cxx1112basic_stringIDiSt11char_traitsIDiESaIDiEE13_M_local_dataEv
FNDA:4,_ZNKSt7__cxx1112basic_stringIDiSt11char_traitsIDiESaIDiEE13_M_local_dataEv
FNDA:2,_ZNSt7__cxx1112basic_stringIDiSt11char_traitsIDiESaIDiEE11_M_capacityEm
FNDA:4,_ZNSt7__cxx1112basic_stringIDiSt11char_traitsIDiESaIDiEE13_M_set_lengthEm
FNDA:4,_ZNKSt7__cxx1112basic_stringIDiSt11char_traitsIDiESaIDiEE11_M_is_localEv
FNDA:4,_ZNSt7__cxx1112basic_stringIDiSt11char_traitsIDiESaIDiEE10_M_disposeEv
FNDA:2,_ZNSt7__cxx1112basic_stringIDiSt11char_traitsIDiESaIDiEE10_M_destroyEm
FNDA:4,_ZNSt7__cxx1112basic_stringIDiSt11char_traitsIDiESaIDiEE16_M_get_allocatorEv
FNDA:2,_ZNKSt7__cxx1112basic_stringIDiSt11char_traitsIDiESaIDiEE16_M_get_allocatorEv
FNDA:4,_ZNSt7__cxx1112basic_stringIDiSt11char_traitsIDiESaIDiEE7_S_copyEPDiPKDim
FNDA:25,_ZNSt8literals15string_literalsli1sB5cxx11EPKcm
FNDA:4,_ZNSt7__cxx1112basic_stringIDiSt11char_traitsIDiESaIDiEE13_S_copy_charsEPDiPKDiS7_
FNDA:576,_ZNSt7__cxx1112basic_stringIcSt11char_traitsIcESaIcEEC2IS3_EEPKcRKS3_
FNDA:4,_ZNSt7__cxx1112basic_stringIDiSt11char_traitsIDiESaIDiEEC2ESt16initializer_listIDiERKS3_
FNDA:4,_ZNSt7__cxx1112basic_stringIDiSt11char_traitsIDiESaIDiEED2Ev
FNDA:4,_ZNSt7__cxx1112basic_stringIDiSt11char_traitsIDiESaIDiEE5beginEv
FNDA:4,_ZNSt7__cxx1112basic_stringIDiSt11char_traitsIDiESaIDiEE3endEv
FNF:24
FNH:24
DA:124,2
DA:126,2
DA:136,2
DA:188,4
DA:189,4
DA:212,2
DA:213,2
DA:217,4
DA:218,4
DA:222,22
DA:223,22
DA:227,4
DA:230,4
DA:238,4
DA:241,4
DA:249,2
DA:250,2
DA:254,4
DA:256,4
DA:257,4
DA:258,4
DA:262,4
DA:264,4
DA:266,2
DA:267,0
DA:268,2
DA:270,2
DA:280,4
DA:282,4
DA:283,2
DA:284,4
DA:288,2
DA:289,2
DA:336,4
DA:337,4
DA:341,2
DA:342,2
DA:355,564
DA:425,4
DA:427,4
DA:428,1
DA:430,3
DA:431,4
DA:482,4
DA:484,4
DA:641,576
DA:642,576
DA:645,576
DA:646,0
DA:648,576
DA:649,576
DA:650,576
DA:706,4
DA:707,4
DA:708,4
DA:803,4
DA:804,4
DA:955,4
DA:956,4
DA:973,4
DA:974,4
DA:1071,4
DA:1072,4
DA:1084,2
DA:1085,4
DA:4487,25
DA:4488,75
LF:67
LH:65
end_of_record
TN:
SF:/usr/include/c++/13/bits/basic_string.tcc
FN:138,160,_ZNSt7__cxx1112basic_stringIDiSt11char_traitsIDiESaIDiEE9_M_createERmm
FN:221,252,_ZNSt7__cxx1112basic_stringIDiSt11char_traitsIDiESaIDiEE12_M_constructIPKDiEEvT_S8_St20forward_iterator_tag
FN:221,252,_ZNSt7__cxx1112basic_stringIcSt11char_traitsIcESaIcEE12_M_constructIPKcEEvT_S8_St20forward_iterator_tag
FN:239,239,_ZZNSt7__cxx1112basic_stringIDiSt11char_traitsIDiESaIDiEE12_M_constructIPKDiEEvT_S8_St20forward_iterator_tagEN6_GuardC2EPS4_
FN:239,239,_ZZNSt7__cxx1112basic_stringIcSt11char_traitsIcESaIcEE12_M_constructIPKcEEvT_S8_St20forward_iterator_tagEN6_GuardC2EPS4_
FN:242,242,_ZZNSt7__cxx1112basic_stringIDiSt11char_traitsIDiESaIDiEE12_M_constructIPKDiEEvT_S8_St20forward_iterator_tagEN6_GuardD2Ev
FN:242,242,_ZZNSt7__cxx1112basic_stringIcSt11char_traitsIcESaIcEE12_M_constructIPKcEEvT_S8_St20forward_iterator_tagEN6_GuardD2Ev
FNDA:2,_ZNSt7__cxx1112basic_stringIDiSt11char_traitsIDiESaIDiEE9_M_createERmm
FNDA:4,_ZNSt7__cxx1112basic_stringIDiSt11char_traitsIDiESaIDiEE12_M_constructIPKDiEEvT_S8_St20forward_iterator_tag
FNDA:2035,_ZNSt7__cxx1112basic_stringIcSt11char_traitsIcESaIcEE12_M_constructIPKcEEvT_S8_St20forward_iterator_tag
FNDA:4,_ZZNSt7__cxx1112basic_stringIDiSt11char_traitsIDiESaIDiEE12_M_constructIPKDiEEvT_S8_St20forward_iterator_tagEN6_GuardC2EPS4_
FNDA:2035,_ZZNSt7__cxx1112basic_stringIcSt11char_traitsIcESaIcEE12_M_constructIPKcEEvT_S8_St20forward_iterator_tagEN6_GuardC2EPS4_
FNDA:4,_ZZNSt7__cxx1112basic_stringIDiSt11char_traitsIDiESaIDiEE12_M_constructIPKDiEEvT_S8_St20forward_iterator_tagEN6_GuardD2Ev
FNDA:2035,_ZZNSt7__cxx1112basic_stringIcSt11char_traitsIcESaIcEE12_M_constructIPKcEEvT_S8_St20forward_iterator_tagEN6_GuardD2Ev
FNF:7
FNH:7
DA:138,2
DA:143,2
DA:144,0
DA:149,2
DA:151,0
DA:153,0
DA:154,0
DA:159,2
DA:221,2039
DA:225,2039
DA:227,2039
DA:229,1475
DA:230,1475
DA:239,2039
DA:242,2039
DA:245,2039
DA:247,2039
DA:249,2039
DA:251,2039
DA:252,2039
LF:20
LH:16
end_of_record
TN:
SF:/usr/include/c++/13/bits/char_traits.h
FN:136,137,_ZN9__gnu_cxx11char_traitsIcE2eqERKcS3_
FN:199,206,_ZN9__gnu_cxx11char_traitsIcE6lengthEPKc
FN:393,400,_ZNSt11char_traitsIcE6lengthEPKc
FN:899,907,_ZNSt11char_traitsIDiE6assignERDiRKDi
FN:960,970,_ZNSt11char_traitsIDiE4copyEPDiPKDim
FNDA:0,_ZN9__gnu_cxx11char_traitsIcE2eqERKcS3_
FNDA:0,_ZN9__gnu_cxx11char_traitsIcE6lengthEPKc
FNDA:577,_ZNSt11char_traitsIcE6lengthEPKc
FNDA:5,_ZNSt11char_traitsIDiE6assignERDiRKDi
FNDA:3,_ZNSt11char_traitsIDiE4copyEPDiPKDim
FNF:5
FNH:3
DA:136,0
DA:137,0
DA:199,0
DA:202,0
DA:203,0
DA:204,0
DA:205,0
DA:393,577
DA:396,577
DA:397,0
DA:399,577
DA:899,5
DA:906,5
DA:907,5
DA:960,3
DA:962,3
DA:963,0
DA:969,3
LF:18
LH:9
end_of_record
TN:
SF:/usr/include/c++/13/bits/cpp_type_traits.h
FN:607,608,_ZSt12__miter_baseIN9__gnu_cxx17__normal_iteratorIPK10TestVertexSt6vectorIS2_SaIS2_EEEEET_S9_
FN:607,608,_ZSt12__miter_baseIN9__gnu_cxx17__normal_iteratorIPKN15vectorfontstorm5pointESt6vectorIS3_SaIS3_EEEEET_SA_
FN:607,608,_ZSt12__miter_baseIN9__gnu_cxx17__normal_iteratorIPKjSt6vectorIjSaIjEEEEET_S8_
FN:607,608,_ZSt12__miter_baseIN9__gnu_cxx17__normal_iteratorIPSt10shared_ptrIN3p2t5PointEESt6vectorIS5_SaIS5_EEEEET_SB_
FN:607,608,_ZSt12__miter_baseIP10TestVertexET_S2_
FN:607,608,_ZSt12__miter_baseIPN15vectorfontstorm5pointEET_S3_
FN:607,608,_ZSt12__miter_baseIPjET_S1_
FNDA:72,_ZSt12__miter_baseIN9__gnu_cxx17__normal_iteratorIPK10TestVertexSt6vectorIS2_SaIS2_EEEEET_S9_
FNDA:520,_ZSt12__miter_baseIN9__gnu_cxx17__normal_iteratorIPKN15vectorfontstorm5pointESt6vectorIS3_SaIS3_EEEEET_SA_
FNDA:360,_ZSt12__miter_baseIN9__gnu_cxx17__normal_iteratorIPKjSt6vectorIjSaIjEEEEET_S8_
FNDA:588,_ZSt12__miter_baseIN9__gnu_cxx17__normal_iteratorIPSt10shared_ptrIN3p2t5PointEESt6vectorIS5_SaIS5_EEEEET_SB_
FNDA:0,_ZSt12__miter_baseIP10TestVertexET_S2_
FNDA:0,_ZSt12__miter_baseIPN15vectorfontstorm5pointEET_S3_
FNDA:70,_ZSt12__miter_baseIPjET_S1_
FNF:7
FNH:5
DA:607,1610
DA:608,1610
LF:2
LH:2
end_of_record
TN:
SF:/usr/include/c++/13/bits/functional_hash.h
FN:148,148,_ZNKSt4hashIDiEclEDi
FNDA:55,_ZNKSt4hashIDiEclEDi
FNF:1
FNH:1
DA:148,55
LF:1
LH:1
end_of_record
TN:
SF:/usr/include/c++/13/bits/hashtable.h
FN:1595,1610,_ZNSt10_HashtableIDiSt4pairIKDiN15vectorfontstorm5glyphI10TestVertexEEESaIS6_ENSt8__detail10_Select1stESt8equal_toIDiESt4hashIDiENS8_18_Mod_range_hashingENS8_20_Default_ranged_hashENS8_20_Prime_rehash_policyENS8_17_Hashtable_traitsILb0ELb0ELb1EEEED2Ev
FN:1617,1657,_ZNSt10_HashtableIDiSt4pairIKDiN15vectorfontstorm5glyphI10TestVertexEEESaIS6_ENSt8__detail10_Select1stESt8equal_toIDiESt4hashIDiENS8_18_Mod_range_hashingENS8_20_Default_ranged_hashENS8_20_Prime_rehash_policyENS8_17_Hashtable_traitsILb0ELb0ELb1EEEE4swapERSJ_
FN:1664,1680,_ZNSt10_HashtableIDiSt4pairIKDiN15vectorfontstorm5glyphI10TestVertexEEESaIS6_ENSt8__detail10_Select1stESt8equal_toIDiESt4hashIDiENS8_18_Mod_range_hashingENS8_20_Default_ranged_hashENS8_20_Prime_rehash_policyENS8_17_Hashtable_traitsILb0ELb0ELb1EEEE4findERS1_
FN:1948,1970,_ZNKSt10_HashtableIDiSt4pairIKDiN15vectorfontstorm5glyphI10TestVertexEEESaIS6_ENSt8__detail10_Select1stESt8equal_toIDiESt4hashIDiENS8_18_Mod_range_hashingENS8_20_Default_ranged_hashENS8_20_Prime_rehash_policyENS8_17_Hashtable_traitsILb0ELb0ELb1EEEE19_M_find_before_nodeEmRS1_m
FN:2007,2033,_ZNSt10_HashtableIDiSt4pairIKDiN15vectorfontstorm5glyphI10TestVertexEEESaIS6_ENSt8__detail10_Select1stESt8equal_toIDiESt4hashIDiENS8_18_Mod_range_hashingENS8_20_Default_ranged_hashENS8_20_Prime_rehash_policyENS8_17_Hashtable_traitsILb0ELb0ELb1EEEE22_M_insert_bucket_beginEmPNS8_10_Hash_nodeIS6_Lb0EEE
FN:2081,2108,_ZNSt10_HashtableIDiSt4pairIKDiN15vectorfontstorm5glyphI10TestVertexEEESaIS6_ENSt8__detail10_Select1stESt8equal_toIDiESt4hashIDiENS8_18_Mod_range_hashingENS8_20_Default_ranged_hashENS8_20_Prime_rehash_policyENS8_17_Hashtable_traitsILb0ELb0ELb1EEEE10_M_emplaceIJRS1_S5_EEES0_INS8_14_Node_iteratorIS6_Lb0ELb0EEEbESt17integral_constantIbLb1EEDpOT_
FN:2166,2189,_ZNSt10_HashtableIDiSt4pairIKDiN15vectorfontstorm5glyphI10TestVertexEEESaIS6_ENSt8__detail10_Select1stESt8equal_toIDiESt4hashIDiENS8_18_Mod_range_hashingENS8_20_Default_ranged_hashENS8_20_Prime_rehash_policyENS8_17_Hashtable_traitsILb0ELb0ELb1EEEE21_M_insert_unique_nodeEmmPNS8_10_Hash_nodeIS6_Lb0EEEm
FN:2520,2529,_ZNSt10_HashtableIDiSt4pairIKDiN15vectorfontstorm5glyphI10TestVertexEEESaIS6_ENSt8__detail10_Select1stESt8equal_toIDiESt4hashIDiENS8_18_Mod_range_hashingENS8_20_Default_ranged_hashENS8_20_Prime_rehash_policyENS8_17_Hashtable_traitsILb0ELb0ELb1EEEE5clearEv
FN:2559,2574,_ZNSt10_HashtableIDiSt4pairIKDiN15vectorfontstorm5glyphI10TestVertexEEESaIS6_ENSt8__detail10_Select1stESt8equal_toIDiESt4hashIDiENS8_18_Mod_range_hashingENS8_20_Default_ranged_hashENS8_20_Prime_rehash_policyENS8_17_Hashtable_traitsILb0ELb0ELb1EEEE9_M_rehashEmRKm
FN:2582,2616,_ZNSt10_HashtableIDiSt4pairIKDiN15vectorfontstorm5glyphI10TestVertexEEESaIS6_ENSt8__detail10_Select1stESt8equal_toIDiESt4hashIDiENS8_18_Mod_range_hashingENS8_20_Default_ranged_hashENS8_20_Prime_rehash_policyENS8_17_Hashtable_traitsILb0ELb0ELb1EEEE13_M_rehash_auxEmSt17integral_constantIbLb1EE
FN:305,308,_ZNSt10_HashtableIDiSt4pairIKDiN15vectorfontstorm5glyphI10TestVertexEEESaIS6_ENSt8__detail10_Select1stESt8equal_toIDiESt4hashIDiENS8_18_Mod_range_hashingENS8_20_Default_ranged_hashENS8_20_Prime_rehash_policyENS8_17_Hashtable_traitsILb0ELb0ELb1EEEE12_Scoped_nodeC2IJRS1_S5_EEEPNS8_16_Hashtable_allocISaINS8_10_Hash_nodeIS6_Lb0EEEEEEDpOT_
FN:311,311,_ZNSt10_HashtableIDiSt4pairIKDiN15vectorfontstorm5glyphI10TestVertexEEESaIS6_ENSt8__detail10_Select1stESt8equal_toIDiESt4hashIDiENS8_18_Mod_range_hashingENS8_20_Default_ranged_hashENS8_20_Prime_rehash_policyENS8_17_Hashtable_traitsILb0ELb0ELb1EEEE12_Scoped_nodeD2Ev
FN:402,406,_ZNSt10_HashtableIDiSt4pairIKDiN15vectorfontstorm5glyphI10TestVertexEEESaIS6_ENSt8__detail10_Select1stESt8equal_toIDiESt4hashIDiENS8_18_Mod_range_hashingENS8_20_Default_ranged_hashENS8_20_Prime_rehash_policyENS8_17_Hashtable_traitsILb0ELb0ELb1EEEE16_M_update_bbeginEv
FN:416,417,_ZNKSt10_HashtableIDiSt4pairIKDiN15vectorfontstorm5glyphI10TestVertexEEESaIS6_ENSt8__detail10_Select1stESt8equal_toIDiESt4hashIDiENS8_18_Mod_range_hashingENS8_20_Default_ranged_hashENS8_20_Prime_rehash_policyENS8_17_Hashtable_traitsILb0ELb0ELb1EEEE21_M_uses_single_bucketEPPNS8_15_Hash_node_baseE
FN:420,421,_ZNKSt10_HashtableIDiSt4pairIKDiN15vectorfontstorm5glyphI10TestVertexEEESaIS6_ENSt8__detail10_Select1stESt8equal_toIDiESt4hashIDiENS8_18_Mod_range_hashingENS8_20_Default_ranged_hashENS8_20_Prime_rehash_policyENS8_17_Hashtable_traitsILb0ELb0ELb1EEEE21_M_uses_single_bucketEv
FN:424,428,_ZNSt10_HashtableIDiSt4pairIKDiN15vectorfontstorm5glyphI10TestVertexEEESaIS6_ENSt8__detail10_Select1stESt8equal_toIDiESt4hashIDiENS8_18_Mod_range_hashingENS8_20_Default_ranged_hashENS8_20_Prime_rehash_policyENS8_17_Hashtable_traitsILb0ELb0ELb1EEEE22__small_size_thresholdEv
FN:434,443,_ZNSt10_HashtableIDiSt4pairIKDiN15vectorfontstorm5glyphI10TestVertexEEESaIS6_ENSt8__detail10_Select1stESt8equal_toIDiESt4hashIDiENS8_18_Mod_range_hashingENS8_20_Default_ranged_hashENS8_20_Prime_rehash_policyENS8_17_Hashtable_traitsILb0ELb0ELb1EEEE19_M_allocate_bucketsEm
FN:446,452,_ZNSt10_HashtableIDiSt4pairIKDiN15vectorfontstorm5glyphI10TestVertexEEESaIS6_ENSt8__detail10_Select1stESt8equal_toIDiESt4hashIDiENS8_18_Mod_range_hashingENS8_20_Default_ranged_hashENS8_20_Prime_rehash_policyENS8_17_Hashtable_traitsILb0ELb0ELb1EEEE21_M_deallocate_bucketsEPPNS8_15_Hash_node_baseEm
FN:455,456,_ZNSt10_HashtableIDiSt4pairIKDiN15vectorfontstorm5glyphI10TestVertexEEESaIS6_ENSt8__detail10_Select1stESt8equal_toIDiESt4hashIDiENS8_18_Mod_range_hashingENS8_20_Default_ranged_hashENS8_20_Prime_rehash_policyENS8_17_Hashtable_traitsILb0ELb0ELb1EEEE21_M_deallocate_bucketsEv
FN:464,465,_ZNKSt10_HashtableIDiSt4pairIKDiN15vectorfontstorm5glyphI10TestVertexEEESaIS6_ENSt8__detail10_Select1stESt8equal_toIDiESt4hashIDiENS8_18_Mod_range_hashingENS8_20_Default_ranged_hashENS8_20_Prime_rehash_policyENS8_17_Hashtable_traitsILb0ELb0ELb1EEEE8_M_beginEv
FN:530,530,_ZNSt10_HashtableIDiSt4pairIKDiN15vectorfontstorm5glyphI10TestVertexEEESaIS6_ENSt8__detail10_Select1stESt8equal_toIDiESt4hashIDiENS8_18_Mod_range_hashingENS8_20_Default_ranged_hashENS8_20_Prime_rehash_policyENS8_17_Hashtable_traitsILb0ELb0ELb1EEEEC2Ev
FN:623,624,_ZNSt10_HashtableIDiSt4pairIKDiN15vectorfontstorm5glyphI10TestVertexEEESaIS6_ENSt8__detail10_Select1stESt8equal_toIDiESt4hashIDiENS8_18_Mod_range_hashingENS8_20_Default_ranged_hashENS8_20_Prime_rehash_policyENS8_17_Hashtable_traitsILb0ELb0ELb1EEEE5beginEv
FN:631,632,_ZNSt10_HashtableIDiSt4pairIKDiN15vectorfontstorm5glyphI10TestVertexEEESaIS6_ENSt8__detail10_Select1stESt8equal_toIDiESt4hashIDiENS8_18_Mod_range_hashingENS8_20_Default_ranged_hashENS8_20_Prime_rehash_policyENS8_17_Hashtable_traitsILb0ELb0ELb1EEEE3endEv
FN:647,648,_ZNKSt10_HashtableIDiSt4pairIKDiN15vectorfontstorm5glyphI10TestVertexEEESaIS6_ENSt8__detail10_Select1stESt8equal_toIDiESt4hashIDiENS8_18_Mod_range_hashingENS8_20_Default_ranged_hashENS8_20_Prime_rehash_policyENS8_17_Hashtable_traitsILb0ELb0ELb1EEEE4sizeEv
FN:792,793,_ZNKSt10_HashtableIDiSt4pairIKDiN15vectorfontstorm5glyphI10TestVertexEEESaIS6_ENSt8__detail10_Select1stESt8equal_toIDiESt4hashIDiENS8_18_Mod_range_hashingENS8_20_Default_ranged_hashENS8_20_Prime_rehash_policyENS8_17_Hashtable_traitsILb0ELb0ELb1EEEE15_M_bucket_indexERKNS8_16_Hash_node_valueIS6_Lb0EEE
FN:796,797,_ZNKSt10_HashtableIDiSt4pairIKDiN15vectorfontstorm5glyphI10TestVertexEEESaIS6_ENSt8__detail10_Select1stESt8equal_toIDiESt4hashIDiENS8_18_Mod_range_hashingENS8_20_Default_ranged_hashENS8_20_Prime_rehash_policyENS8_17_Hashtable_traitsILb0ELb0ELb1EEEE15_M_bucket_indexEm
FN:812,819,_ZNKSt10_HashtableIDiSt4pairIKDiN15vectorfontstorm5glyphI10TestVertexEEESaIS6_ENSt8__detail10_Select1stESt8equal_toIDiESt4hashIDiENS8_18_Mod_range_hashingENS8_20_Default_ranged_hashENS8_20_Prime_rehash_policyENS8_17_Hashtable_traitsILb0ELb0ELb1EEEE12_M_find_nodeEmRS1_m
FN:960,961,_ZNSt10_HashtableIDiSt4pairIKDiN15vectorfontstorm5glyphI10TestVertexEEESaIS6_ENSt8__detail10_Select1stESt8equal_toIDiESt4hashIDiENS8_18_Mod_range_hashingENS8_20_Default_ranged_hashENS8_20_Prime_rehash_policyENS8_17_Hashtable_traitsILb0ELb0ELb1EEEE7emplaceIJRS1_S5_EEES0_INS8_14_Node_iteratorIS6_Lb0ELb0EEEbEDpOT_
FNDA:19,_ZNSt10_HashtableIDiSt4pairIKDiN15vectorfontstorm5glyphI10TestVertexEEESaIS6_ENSt8__detail10_Select1stESt8equal_toIDiESt4hashIDiENS8_18_Mod_range_hashingENS8_20_Default_ranged_hashENS8_20_Prime_rehash_policyENS8_17_Hashtable_traitsILb0ELb0ELb1EEEED2Ev
FNDA:1,_ZNSt10_HashtableIDiSt4pairIKDiN15vectorfontstorm5glyphI10TestVertexEEESaIS6_ENSt8__detail10_Select1stESt8equal_toIDiESt4hashIDiENS8_18_Mod_range_hashingENS8_20_Default_ranged_hashENS8_20_Prime_rehash_policyENS8_17_Hashtable_traitsILb0ELb0ELb1EEEE4swapERSJ_
FNDA:30,_ZNSt10_HashtableIDiSt4pairIKDiN15vectorfontstorm5glyphI10TestVertexEEESaIS6_ENSt8__detail10_Select1stESt8equal_toIDiESt4hashIDiENS8_18_Mod_range_hashingENS8_20_Default_ranged_hashENS8_20_Prime_rehash_policyENS8_17_Hashtable_traitsILb0ELb0ELb1EEEE4findERS1_
FNDA:27,_ZNKSt10_HashtableIDiSt4pairIKDiN15vectorfontstorm5glyphI10TestVertexEEESaIS6_ENSt8__detail10_Select1stESt8equal_toIDiESt4hashIDiENS8_18_Mod_range_hashingENS8_20_Default_ranged_hashENS8_20_Prime_rehash_policyENS8_17_Hashtable_traitsILb0ELb0ELb1EEEE19_M_find_before_nodeEmRS1_m
[...]
FNDA:2275,_ZNSt12_Vector_baseIN15vectorfontstorm5pointESaIS1_EE17_Vector_impl_dataC2Ev
FNDA:59,_ZNSt12_Vector_baseIN15vectorfontstorm7contourI10TestVertexEESaIS3_EE17_Vector_impl_dataC2Ev
FNDA:741,_ZNSt12_Vector_baseIN15vectorfontstorm7segmentI10TestVertexEESaIS3_EE17_Vector_impl_dataC2Ev
FNDA:1172,_ZNSt12_Vector_baseIPN3p2t4EdgeESaIS2_EE17_Vector_impl_dataC2Ev
FNDA:34,_ZNSt12_Vector_baseIPN3p2t4NodeESaIS2_EE17_Vector_impl_dataC2Ev
FNDA:136,_ZNSt12_Vector_baseIPN3p2t8TriangleESaIS2_EE17_Vector_impl_dataC2Ev
FNDA:124,_ZNSt12_Vector_baseISt10shared_ptrIN3p2t5PointEESaIS3_EE17_Vector_impl_dataC2Ev
FNDA:73,_ZNSt12_Vector_baseIhSaIhEE17_Vector_impl_dataC2Ev
FNDA:279,_ZNSt12_Vector_baseIjSaIjEE17_Vector_impl_dataC2Ev
FNDA:6286,_ZNKSt6vectorI10TestVertexSaIS0_EE4sizeEv
FNDA:12867,_ZNKSt6vectorIN15vectorfontstorm5pointESaIS1_EE4sizeEv
FNDA:207,_ZNKSt6vectorIN15vectorfontstorm7contourI10TestVertexEESaIS3_EE4sizeEv
FNDA:3740,_ZNKSt6vectorIN15vectorfontstorm7segmentI10TestVertexEESaIS3_EE4sizeEv
FNDA:7180,_ZNKSt6vectorIPN3p2t4EdgeESaIS2_EE4sizeEv
FNDA:2332,_ZNKSt6vectorIPN3p2t4NodeESaIS2_EE4sizeEv
FNDA:2240,_ZNKSt6vectorIPN3p2t8TriangleESaIS2_EE4sizeEv
FNDA:5703,_ZNKSt6vectorISt10shared_ptrIN3p2t5PointEESaIS3_EE4sizeEv
FNDA:19,_ZNKSt6vectorIhSaIhEE4sizeEv
FNDA:3238,_ZNKSt6vectorIjSaIjEE4sizeEv
FNDA:1537,_ZNKSt6vectorI10TestVertexSaIS0_EE8max_sizeEv
FNDA:5164,_ZNKSt6vectorIN15vectorfontstorm5pointESaIS1_EE8max_sizeEv
FNDA:90,_ZNKSt6vectorIN15vectorfontstorm7contourI10TestVertexEESaIS3_EE8max_sizeEv
FNDA:1774,_ZNKSt6vectorIN15vectorfontstorm7segmentI10TestVertexEESaIS3_EE8max_sizeEv
FNDA:2644,_ZNKSt6vectorIPN3p2t4EdgeESaIS2_EE8max_sizeEv
FNDA:676,_ZNKSt6vectorIPN3p2t4NodeESaIS2_EE8max_sizeEv
FNDA:1120,_ZNKSt6vectorIPN3p2t8TriangleESaIS2_EE8max_sizeEv
FNDA:900,_ZNKSt6vectorISt10shared_ptrIN3p2t5PointEESaIS3_EE8max_sizeEv
FNDA:1535,_ZNKSt6vectorIjSaIjEE8max_sizeEv
FNF:279
FNH:262
DA:99,5172
DA:100,5172
DA:101,5172
DA:105,17
DA:106,17
DA:107,17
DA:108,17
DA:113,84
DA:115,84
DA:116,84
DA:117,84
DA:118,84
DA:122,28
DA:126,28
DA:127,28
DA:128,28
DA:129,28
DA:130,28
DA:137,3742
DA:142,3742
DA:143,3742
DA:146,1436
DA:147,1436
DA:148,1436
DA:154,17
DA:155,34
DA:156,17
DA:301,22095
DA:302,22095
DA:306,16825
DA:307,16825
DA:311,14
DA:312,28
DA:315,3742
DA:321,14
DA:322,14
DA:333,1422
DA:334,1422
DA:335,1422
DA:338,17
DA:367,5195
DA:369,5195
DA:370,5195
DA:371,5195
DA:378,9159
DA:381,18075
DA:386,12305
DA:389,12305
DA:390,8255
DA:391,12305
DA:396,1422
DA:398,1422
DA:399,1422
DA:400,1422
DA:401,1422
DA:504,13576
DA:509,13576
DA:531,3742
DA:542,14
DA:543,14
DA:556,17
DA:557,17
DA:558,17
DA:601,1405
DA:603,2810
DA:605,1405
DA:606,1405
DA:608,1405
DA:609,1405
DA:620,17
DA:733,5195
DA:735,5195
DA:736,5195
DA:738,5195
DA:766,14
DA:768,14
DA:771,14
DA:772,14
DA:873,9238
DA:874,9238
DA:883,9141
DA:884,9141
DA:893,40757
DA:894,40757
DA:903,12291
DA:904,12291
DA:954,70
DA:955,70
DA:964,0
DA:965,0
DA:992,43812
DA:993,43812
DA:998,15440
DA:999,15440
DA:1078,348
DA:1079,348
DA:1080,348
DA:1088,1964
DA:1089,1964
DA:1126,8263
DA:1129,8263
DA:1145,1960
DA:1148,1960
DA:1209,206
DA:1212,206
DA:1221,5222
DA:1224,5222
DA:1233,33772
DA:1236,33772
DA:1245,8372
DA:1248,8372
DA:1260,36
DA:1261,36
DA:1298,8
DA:1299,8
DA:1322,2010
DA:1325,2010
DA:1326,2010
DA:1328,2010
DA:1346,0
DA:1347,0
DA:1482,70
DA:1485,70
DA:1486,70
DA:1487,70
DA:1488,70
DA:1605,0
DA:1606,0
DA:1616,16
DA:1619,16
DA:1622,16
DA:1623,16
DA:1624,16
DA:1626,0
DA:1628,0
DA:1629,0
DA:1715,17
DA:1717,17
DA:1718,17
DA:1719,17
DA:1720,17
DA:1833,0
DA:1835,0
DA:1837,0
DA:1840,0
DA:1841,0
DA:1844,0
DA:1848,0
DA:1852,0
DA:1853,0
DA:1896,7685
DA:1898,7685
DA:1899,0
DA:1901,7685
DA:1902,7685
DA:1907,17
DA:1909,17
DA:1910,0
DA:1912,17
DA:1916,15457
DA:1921,15457
DA:1923,15457
DA:1924,15457
DA:1933,0
DA:1935,0
DA:1937,0
DA:1938,0
DA:1939,0
DA:1942,0
DA:1959,14
DA:1961,14
DA:1962,14
DA:1963,14
DA:1964,14
DA:1965,14
DA:1990,36
DA:1991,36
LF:177
LH:151
end_of_record
TN:
SF:/usr/include/c++/13/bits/unordered_map.h
FN:148,148,_ZNSt13unordered_mapIDiN15vectorfontstorm5glyphI10TestVertexEESt4hashIDiESt8equal_toIDiESaISt4pairIKDiS3_EEEC2Ev
FN:2129,2132,_ZSt4swapIDiN15vectorfontstorm5glyphI10TestVertexEESt4hashIDiESt8equal_toIDiESaISt4pairIKDiS3_EEEvRSt13unordered_mapIT_T0_T1_T2_T3_ESJ_
FN:354,355,_ZNSt13unordered_mapIDiN15vectorfontstorm5glyphI10TestVertexEESt4hashIDiESt8equal_toIDiESaISt4pairIKDiS3_EEE3endEv
FN:395,396,_ZNSt13unordered_mapIDiN15vectorfontstorm5glyphI10TestVertexEESt4hashIDiESt8equal_toIDiESaISt4pairIKDiS3_EEE7emplaceIJRS9_S3_EEES8_INSt8__detail14_Node_iteratorISA_Lb0ELb0EEEbEDpOT_
FN:811,813,_ZNSt13unordered_mapIDiN15vectorfontstorm5glyphI10TestVertexEESt4hashIDiESt8equal_toIDiESaISt4pairIKDiS3_EEE4swapERSC_
FN:875,876,_ZNSt13unordered_mapIDiN15vectorfontstorm5glyphI10TestVertexEESt4hashIDiESt8equal_toIDiESaISt4pairIKDiS3_EEE4findERS9_
FNDA:19,_ZNSt13unordered_mapIDiN15vectorfontstorm5glyphI10TestVertexEESt4hashIDiESt8equal_toIDiESaISt4pairIKDiS3_EEEC2Ev
FNDA:1,_ZSt4swapIDiN15vectorfontstorm5glyphI10TestVertexEESt4hashIDiESt8equal_toIDiESaISt4pairIKDiS3_EEEvRSt13unordered_mapIT_T0_T1_T2_T3_ESJ_
FNDA:30,_ZNSt13unordered_mapIDiN15vectorfontstorm5glyphI10TestVertexEESt4hashIDiESt8equal_toIDiESaISt4pairIKDiS3_EEE3endEv
FNDA:27,_ZNSt13unordered_mapIDiN15vectorfontstorm5glyphI10TestVertexEESt4hashIDiESt8equal_toIDiESaISt4pairIKDiS3_EEE7emplaceIJRS9_S3_EEES8_INSt8__detail14_Node_iteratorISA_Lb0ELb0EEEbEDpOT_
FNDA:1,_ZNSt13unordered_mapIDiN15vectorfontstorm5glyphI10TestVertexEESt4hashIDiESt8equal_toIDiESaISt4pairIKDiS3_EEE4swapERSC_
FNDA:30,_ZNSt13unordered_mapIDiN15vectorfontstorm5glyphI10TestVertexEESt4hashIDiESt8equal_toIDiESaISt4pairIKDiS3_EEE4findERS9_
FNF:6
FNH:6
DA:148,19
DA:354,30
DA:355,30
DA:395,27
DA:396,27
DA:811,1
DA:813,1
DA:875,30
DA:876,30
DA:2129,1
DA:2132,1
LF:11
LH:11
end_of_record
TN:
SF:/usr/include/c++/13/bits/vector.tcc
FN:111,127,_ZNSt6vectorI10TestVertexSaIS0_EE12emplace_backIJRKfS5_fEEERS0_DpOT_
FN:111,127,_ZNSt6vectorI10TestVertexSaIS0_EE12emplace_backIJRfS4_fEEERS0_DpOT_
FN:111,127,_ZNSt6vectorI10TestVertexSaIS0_EE12emplace_backIJfffEEERS0_DpOT_
FN:111,127,_ZNSt6vectorIN15vectorfontstorm5pointESaIS1_EE12emplace_backIJRK7vector2IfENS1_5typesEEEERS1_DpOT_
FN:111,127,_ZNSt6vectorIN15vectorfontstorm5pointESaIS1_EE12emplace_backIJRKS1_EEERS1_DpOT_
FN:111,127,_ZNSt6vectorIN15vectorfontstorm5pointESaIS1_EE12emplace_backIJRS1_EEES5_DpOT_
FN:111,127,_ZNSt6vectorIN15vectorfontstorm5pointESaIS1_EE12emplace_backIJddRKNS1_5typesEEEERS1_DpOT_
FN:111,127,_ZNSt6vectorIN15vectorfontstorm7contourI10TestVertexEESaIS3_EE12emplace_backIJEEERS3_DpOT_
FN:111,127,_ZNSt6vectorIN15vectorfontstorm7segmentI10TestVertexEESaIS3_EE12emplace_backIJEEERS3_DpOT_
FN:111,127,_ZNSt6vectorIPN3p2t4EdgeESaIS2_EE12emplace_backIJS2_EEERS2_DpOT_
FN:111,127,_ZNSt6vectorIPN3p2t4NodeESaIS2_EE12emplace_backIJRS2_EEES6_DpOT_
FN:111,127,_ZNSt6vectorIPN3p2t8TriangleESaIS2_EE12emplace_backIJRS2_EEES6_DpOT_
FN:111,127,_ZNSt6vectorIPN3p2t8TriangleESaIS2_EE12emplace_backIJS2_EEERS2_DpOT_
FN:111,127,_ZNSt6vectorISt10shared_ptrIN3p2t5PointEESaIS3_EE12emplace_backIJPS2_EEERS3_DpOT_
FN:111,127,_ZNSt6vectorISt10shared_ptrIN3p2t5PointEESaIS3_EE12emplace_backIJRKS3_EEERS3_DpOT_
FN:111,127,_ZNSt6vectorISt10shared_ptrIN3p2t5PointEESaIS3_EE12emplace_backIJRPS2_EEERS3_DpOT_
FN:111,127,_ZNSt6vectorIjSaIjEE12emplace_backIJRKjEEERjDpOT_
FN:111,127,_ZNSt6vectorIjSaIjEE12emplace_backIJjEEERjDpOT_
FN:111,127,_ZNSt6vectorIjSaIjEE12emplace_backIJmEEERjDpOT_
FN:210,265,_ZNSt6vectorI10TestVertexSaIS0_EEaSERKS2_
FN:210,265,_ZNSt6vectorIN15vectorfontstorm5pointESaIS1_EEaSERKS3_
FN:210,265,_ZNSt6vectorIjSaIjEEaSERKS1_
FN:381,407,_ZNSt6vectorIN15vectorfontstorm5pointESaIS1_EE14_M_emplace_auxIJ7vector2IfENS1_5typesEEEEN9__gnu_cxx17__normal_iteratorIPS1_S3_EENS9_IPKS1_S3_EEDpOT_
FN:413,438,_ZNSt6vectorIN15vectorfontstorm5pointESaIS1_EE13_M_insert_auxIS1_EEvN9__gnu_cxx17__normal_iteratorIPS1_S3_EEOT_
FN:445,524,_ZNSt6vectorI10TestVertexSaIS0_EE17_M_realloc_insertIJRKfS5_fEEEvN9__gnu_cxx17__normal_iteratorIPS0_S2_EEDpOT_
FN:445,524,_ZNSt6vectorI10TestVertexSaIS0_EE17_M_realloc_insertIJRfS4_fEEEvN9__gnu_cxx17__normal_iteratorIPS0_S2_EEDpOT_
FN:445,524,_ZNSt6vectorI10TestVertexSaIS0_EE17_M_realloc_insertIJfffEEEvN9__gnu_cxx17__normal_iteratorIPS0_S2_EEDpOT_
FN:445,524,_ZNSt6vectorIN15vectorfontstorm5pointESaIS1_EE17_M_realloc_insertIJ7vector2IfENS1_5typesEEEEvN9__gnu_cxx17__normal_iteratorIPS1_S3_EEDpOT_
FN:445,524,_ZNSt6vectorIN15vectorfontstorm5pointESaIS1_EE17_M_realloc_insertIJRK7vector2IfENS1_5typesEEEEvN9__gnu_cxx17__normal_iteratorIPS1_S3_EEDpOT_
FN:445,524,_ZNSt6vectorIN15vectorfontstorm5pointESaIS1_EE17_M_realloc_insertIJRKS1_EEEvN9__gnu_cxx17__normal_iteratorIPS1_S3_EEDpOT_
FN:445,524,_ZNSt6vectorIN15vectorfontstorm5pointESaIS1_EE17_M_realloc_insertIJRS1_EEEvN9__gnu_cxx17__normal_iteratorIPS1_S3_EEDpOT_
FN:445,524,_ZNSt6vectorIN15vectorfontstorm5pointESaIS1_EE17_M_realloc_insertIJddRKNS1_5typesEEEEvN9__gnu_cxx17__normal_iteratorIPS1_S3_EEDpOT_
FN:445,524,_ZNSt6vectorIN15vectorfontstorm7contourI10TestVertexEESaIS3_EE17_M_realloc_insertIJEEEvN9__gnu_cxx17__normal_iteratorIPS3_S5_EEDpOT_
FN:445,524,_ZNSt6vectorIN15vectorfontstorm7segmentI10TestVertexEESaIS3_EE17_M_realloc_insertIJEEEvN9__gnu_cxx17__normal_iteratorIPS3_S5_EEDpOT_
FN:445,524,_ZNSt6vectorIPN3p2t4EdgeESaIS2_EE17_M_realloc_insertIJS2_EEEvN9__gnu_cxx17__normal_iteratorIPS2_S4_EEDpOT_
FN:445,524,_ZNSt6vectorIPN3p2t4NodeESaIS2_EE17_M_realloc_insertIJRS2_EEEvN9__gnu_cxx17__normal_iteratorIPS2_S4_EEDpOT_
FN:445,524,_ZNSt6vectorIPN3p2t8TriangleESaIS2_EE17_M_realloc_insertIJRS2_EEEvN9__gnu_cxx17__normal_iteratorIPS2_S4_EEDpOT_
FN:445,524,_ZNSt6vectorIPN3p2t8TriangleESaIS2_EE17_M_realloc_insertIJS2_EEEvN9__gnu_cxx17__normal_iteratorIPS2_S4_EEDpOT_
FN:445,524,_ZNSt6vectorISt10shared_ptrIN3p2t5PointEESaIS3_EE17_M_realloc_insertIJPS2_EEEvN9__gnu_cxx17__normal_iteratorIPS3_S5_EEDpOT_
FN:445,524,_ZNSt6vectorISt10shared_ptrIN3p2t5PointEESaIS3_EE17_M_realloc_insertIJRKS3_EEEvN9__gnu_cxx17__normal_iteratorIPS3_S5_EEDpOT_
FN:445,524,_ZNSt6vectorISt10shared_ptrIN3p2t5PointEESaIS3_EE17_M_realloc_insertIJRPS2_EEEvN9__gnu_cxx17__normal_iteratorIPS3_S5_EEDpOT_
FN:445,524,_ZNSt6vectorIjSaIjEE17_M_realloc_insertIJRKjEEEvN9__gnu_cxx17__normal_iteratorIPjS1_EEDpOT_
FN:445,524,_ZNSt6vectorIjSaIjEE17_M_realloc_insertIJjEEEvN9__gnu_cxx17__normal_iteratorIPjS1_EEDpOT_
FN:445,524,_ZNSt6vectorIjSaIjEE17_M_realloc_insertIJmEEEvN9__gnu_cxx17__normal_iteratorIPjS1_EEDpOT_
FN:67,100,_ZNSt6vectorI10TestVertexSaIS0_EE7reserveEm
FN:67,100,_ZNSt6vectorIjSaIjEE7reserveEm
FN:751,839,_ZNSt6vectorI10TestVertexSaIS0_EE15_M_range_insertIN9__gnu_cxx17__normal_iteratorIPKS0_S2_EEEEvNS5_IPS0_S2_EET_SB_St20forward_iterator_tag
FN:751,839,_ZNSt6vectorIjSaIjEE15_M_range_insertIN9__gnu_cxx17__normal_iteratorIPKjS1_EEEEvNS4_IPjS1_EET_SA_St20forward_iterator_tag
FNDA:4280,_ZNSt6vectorI10TestVertexSaIS0_EE12emplace_backIJRKfS5_fEEERS0_DpOT_
FNDA:2664,_ZNSt6vectorI10TestVertexSaIS0_EE12emplace_backIJRfS4_fEEERS0_DpOT_
FNDA:9,_ZNSt6vectorI10TestVertexSaIS0_EE12emplace_backIJfffEEERS0_DpOT_
FNDA:1680,_ZNSt6vectorIN15vectorfontstorm5pointESaIS1_EE12emplace_backIJRK7vector2IfENS1_5typesEEEERS1_DpOT_
FNDA:490,_ZNSt6vectorIN15vectorfontstorm5pointESaIS1_EE12emplace_backIJRKS1_EEERS1_DpOT_
FNDA:45,_ZNSt6vectorIN15vectorfontstorm5pointESaIS1_EE12emplace_backIJRS1_EEES5_DpOT_
FNDA:535,_ZNSt6vectorIN15vectorfontstorm5pointESaIS1_EE12emplace_backIJddRKNS1_5typesEEEERS1_DpOT_
FNDA:45,_ZNSt6vectorIN15vectorfontstorm7contourI10TestVertexEESaIS3_EE12emplace_backIJEEERS3_DpOT_
FNDA:1207,_ZNSt6vectorIN15vectorfontstorm7segmentI10TestVertexEESaIS3_EE12emplace_backIJEEERS3_DpOT_
FNDA:1960,_ZNSt6vectorIPN3p2t4EdgeESaIS2_EE12emplace_backIJS2_EEERS2_DpOT_
FNDA:912,_ZNSt6vectorIPN3p2t4NodeESaIS2_EE12emplace_backIJRS2_EEES6_DpOT_
FNDA:888,_ZNSt6vectorIPN3p2t8TriangleESaIS2_EE12emplace_backIJRS2_EEES6_DpOT_
FNDA:1752,_ZNSt6vectorIPN3p2t8TriangleESaIS2_EE12emplace_backIJS2_EEERS2_DpOT_
FNDA:1070,_ZNSt6vectorISt10shared_ptrIN3p2t5PointEESaIS3_EE12emplace_backIJPS2_EEERS3_DpOT_
FNDA:284,_ZNSt6vectorISt10shared_ptrIN3p2t5PointEESaIS3_EE12emplace_backIJRKS3_EEERS3_DpOT_
FNDA:0,_ZNSt6vectorISt10shared_ptrIN3p2t5PointEESaIS3_EE12emplace_backIJRPS2_EEERS3_DpOT_
FNDA:888,_ZNSt6vectorIjSaIjEE12emplace_backIJRKjEEERjDpOT_
FNDA:4994,_ZNSt6vectorIjSaIjEE12emplace_backIJjEEERjDpOT_
FNDA:1070,_ZNSt6vectorIjSaIjEE12emplace_backIJmEEERjDpOT_
FNDA:1,_ZNSt6vectorI10TestVertexSaIS0_EEaSERKS2_
FNDA:276,_ZNSt6vectorIN15vectorfontstorm5pointESaIS1_EEaSERKS3_
FNDA:1,_ZNSt6vectorIjSaIjEEaSERKS1_
FNDA:0,_ZNSt6vectorIN15vectorfontstorm5pointESaIS1_EE14_M_emplace_auxIJ7vector2IfENS1_5typesEEEEN9__gnu_cxx17__normal_iteratorIPS1_S3_EENS9_IPKS1_S3_EEDpOT_
FNDA:0,_ZNSt6vectorIN15vectorfontstorm5pointESaIS1_EE13_M_insert_auxIS1_EEvN9__gnu_cxx17__normal_iteratorIPS1_S3_EEOT_
FNDA:384,_ZNSt6vectorI10TestVertexSaIS0_EE17_M_realloc_insertIJRKfS5_fEEEvN9__gnu_cxx17__normal_iteratorIPS0_S2_EEDpOT_
FNDA:358,_ZNSt6vectorI10TestVertexSaIS0_EE17_M_realloc_insertIJRfS4_fEEEvN9__gnu_cxx17__normal_iteratorIPS0_S2_EEDpOT_
FNDA:9,_ZNSt6vectorI10TestVertexSaIS0_EE17_M_realloc_insertIJfffEEEvN9__gnu_cxx17__normal_iteratorIPS0_S2_EEDpOT_
FNDA:0,_ZNSt6vectorIN15vectorfontstorm5pointESaIS1_EE17_M_realloc_insertIJ7vector2IfENS1_5typesEEEEvN9__gnu_cxx17__normal_iteratorIPS1_S3_EEDpOT_
FNDA:1512,_ZNSt6vectorIN15vectorfontstorm5pointESaIS1_EE17_M_realloc_insertIJRK7vector2IfENS1_5typesEEEEvN9__gnu_cxx17__normal_iteratorIPS1_S3_EEDpOT_
FNDA:490,_ZNSt6vectorIN15vectorfontstorm5pointESaIS1_EE17_M_realloc_insertIJRKS1_EEEvN9__gnu_cxx17__normal_iteratorIPS1_S3_EEDpOT_
FNDA:45,_ZNSt6vectorIN15vectorfontstorm5pointESaIS1_EE17_M_realloc_insertIJRS1_EEEvN9__gnu_cxx17__normal_iteratorIPS1_S3_EEDpOT_
FNDA:535,_ZNSt6vectorIN15vectorfontstorm5pointESaIS1_EE17_M_realloc_insertIJddRKNS1_5typesEEEEvN9__gnu_cxx17__normal_iteratorIPS1_S3_EEDpOT_
FNDA:45,_ZNSt6vectorIN15vectorfontstorm7contourI10TestVertexEESaIS3_EE17_M_realloc_insertIJEEEvN9__gnu_cxx17__normal_iteratorIPS3_S5_EEDpOT_
FNDA:887,_ZNSt6vectorIN15vectorfontstorm7segmentI10TestVertexEESaIS3_EE17_M_realloc_insertIJEEEvN9__gnu_cxx17__normal_iteratorIPS3_S5_EEDpOT_
FNDA:1322,_ZNSt6vectorIPN3p2t4EdgeESaIS2_EE17_M_realloc_insertIJS2_EEEvN9__gnu_cxx17__normal_iteratorIPS2_S4_EEDpOT_
FNDA:338,_ZNSt6vectorIPN3p2t4NodeESaIS2_EE17_M_realloc_insertIJRS2_EEEvN9__gnu_cxx17__normal_iteratorIPS2_S4_EEDpOT_
FNDA:320,_ZNSt6vectorIPN3p2t8TriangleESaIS2_EE17_M_realloc_insertIJRS2_EEEvN9__gnu_cxx17__normal_iteratorIPS2_S4_EEDpOT_
FNDA:240,_ZNSt6vectorIPN3p2t8TriangleESaIS2_EE17_M_realloc_insertIJS2_EEEvN9__gnu_cxx17__normal_iteratorIPS2_S4_EEDpOT_
FNDA:430,_ZNSt6vectorISt10shared_ptrIN3p2t5PointEESaIS3_EE17_M_realloc_insertIJPS2_EEEvN9__gnu_cxx17__normal_iteratorIPS3_S5_EEDpOT_
FNDA:40,_ZNSt6vectorISt10shared_ptrIN3p2t5PointEESaIS3_EE17_M_realloc_insertIJRKS3_EEEvN9__gnu_cxx17__normal_iteratorIPS3_S5_EEDpOT_
FNDA:0,_ZNSt6vectorISt10shared_ptrIN3p2t5PointEESaIS3_EE17_M_realloc_insertIJRPS2_EEEvN9__gnu_cxx17__normal_iteratorIPS3_S5_EEDpOT_
FNDA:52,_ZNSt6vectorIjSaIjEE17_M_realloc_insertIJRKjEEEvN9__gnu_cxx17__normal_iteratorIPjS1_EEDpOT_
FNDA:529,_ZNSt6vectorIjSaIjEE17_M_realloc_insertIJjEEEvN9__gnu_cxx17__normal_iteratorIPjS1_EEDpOT_
FNDA:169,_ZNSt6vectorIjSaIjEE17_M_realloc_insertIJmEEEvN9__gnu_cxx17__normal_iteratorIPjS1_EEDpOT_
FNDA:35,_ZNSt6vectorI10TestVertexSaIS0_EE7reserveEm
FNDA:35,_ZNSt6vectorIjSaIjEE7reserveEm
FNDA:35,_ZNSt6vectorI10TestVertexSaIS0_EE15_M_range_insertIN9__gnu_cxx17__normal_iteratorIPKS0_S2_EEEEvNS5_IPS0_S2_EET_SB_St20forward_iterator_tag
FNDA:35,_ZNSt6vectorIjSaIjEE15_M_range_insertIN9__gnu_cxx17__normal_iteratorIPKjS1_EEEEvNS4_IPjS1_EET_SA_St20forward_iterator_tag
FNF:48
FNH:43
DA:67,70
DA:70,70
DA:71,0
DA:72,70
DA:74,70
DA:79,70
DA:80,70
DA:81,70
DA:93,70
DA:94,70
DA:95,70
DA:96,70
DA:97,70
DA:98,70
DA:100,70
DA:111,24773
DA:114,24773
DA:117,17068
DA:119,17068
DA:123,7705
DA:125,24773
DA:210,278
DA:213,278
DA:217,278
DA:219,0
DA:220,0
DA:223,0
DA:224,0
DA:225,0
DA:226,0
DA:227,0
DA:228,0
DA:229,0
DA:231,0
DA:232,0
DA:235,278
DA:236,278
DA:238,16
DA:240,16
DA:241,16
DA:242,16
DA:243,16
DA:244,16
DA:245,16
DA:246,16
DA:248,262
DA:250,524
DA:251,262
DA:255,0
DA:257,0
DA:258,0
DA:260,0
DA:262,278
DA:264,278
DA:381,0
DA:385,0
DA:386,0
DA:387,0
DA:390,0
DA:392,0
DA:400,0
DA:401,0
DA:402,0
DA:404,0
DA:406,0
DA:413,0
DA:423,0
DA:424,0
DA:425,0
DA:430,0
DA:436,0
DA:438,0
DA:445,7705
DA:455,7705
DA:456,7705
DA:457,7705
DA:458,7705
DA:459,7705
DA:460,7705
DA:468,7705
DA:469,7705
DA:475,7705
DA:480,6773
DA:481,6773
DA:483,6773
DA:485,6773
DA:486,6773
DA:493,932
DA:494,932
DA:496,932
DA:500,932
DA:501,932
DA:504,0
DA:506,0
DA:507,0
DA:508,0
DA:510,0
DA:511,0
DA:512,0
DA:517,932
DA:519,7705
DA:520,7705
DA:521,7705
DA:522,7705
DA:523,7705
DA:524,7705
DA:751,70
DA:755,70
DA:757,70
DA:758,70
DA:759,70
DA:761,70
DA:762,70
DA:763,70
DA:766,0
DA:769,0
DA:770,0
DA:772,0
DA:774,0
DA:778,70
DA:781,70
DA:783,70
DA:784,70
DA:786,70
DA:789,70
DA:790,70
DA:792,70
DA:800,0
DA:801,0
DA:804,0
DA:805,0
DA:806,0
DA:811,0
DA:812,0
DA:814,0
DA:816,0
DA:819,0
DA:820,0
DA:822,0
DA:825,0
DA:826,0
DA:827,0
DA:830,0
DA:832,0
DA:833,0
DA:834,0
DA:835,0
DA:836,0
DA:839,70
LF:149
LH:82
end_of_record
TN:
SF:/usr/include/c++/13/cmath
FN:146,147,_ZSt5atan2ff
FNDA:4938,_ZSt5atan2ff
FNF:1
FNH:1
DA:146,4938
DA:147,4938
LF:2
LH:2
end_of_record
TN:
SF:/usr/include/c++/13/ext/aligned_buffer.h
FN:104,107,_ZN9__gnu_cxx16__aligned_bufferISt4pairIKDiN15vectorfontstorm5glyphI10TestVertexEEEE7_M_addrEv
FN:110,113,_ZNK9__gnu_cxx16__aligned_bufferISt4pairIKDiN15vectorfontstorm5glyphI10TestVertexEEEE7_M_addrEv
FN:116,117,_ZN9__gnu_cxx16__aligned_bufferISt4pairIKDiN15vectorfontstorm5glyphI10TestVertexEEEE6_M_ptrEv
FN:120,121,_ZNK9__gnu_cxx16__aligned_bufferISt4pairIKDiN15vectorfontstorm5glyphI10TestVertexEEEE6_M_ptrEv
FN:64,65,_ZN9__gnu_cxx16__aligned_membufIPN3p2t8TriangleEE7_M_addrEv
FN:72,73,_ZN9__gnu_cxx16__aligned_membufIPN3p2t8TriangleEE6_M_ptrEv
FNDA:111,_ZN9__gnu_cxx16__aligned_bufferISt4pairIKDiN15vectorfontstorm5glyphI10TestVertexEEEE7_M_addrEv
FNDA:18,_ZNK9__gnu_cxx16__aligned_bufferISt4pairIKDiN15vectorfontstorm5glyphI10TestVertexEEEE7_M_addrEv
FNDA:111,_ZN9__gnu_cxx16__aligned_bufferISt4pairIKDiN15vectorfontstorm5glyphI10TestVertexEEEE6_M_ptrEv
FNDA:18,_ZNK9__gnu_cxx16__aligned_bufferISt4pairIKDiN15vectorfontstorm5glyphI10TestVertexEEEE6_M_ptrEv
FNDA:6632,_ZN9__gnu_cxx16__aligned_membufIPN3p2t8TriangleEE7_M_addrEv
FNDA:6632,_ZN9__gnu_cxx16__aligned_membufIPN3p2t8TriangleEE6_M_ptrEv
FNF:6
FNH:6
DA:64,6632
DA:65,6632
DA:72,6632
DA:73,6632
DA:104,111
DA:106,111
DA:110,18
DA:112,18
DA:116,111
DA:117,111
DA:120,18
DA:121,18
LF:12
LH:12
end_of_record
TN:
SF:/usr/include/c++/13/ext/alloc_traits.h
FNF:0
FNH:0
DA:98,1405
DA:106,278
DA:118,0
LF:3
LH:2
end_of_record
TN:
SF:/usr/include/c++/13/ext/atomicity.h
FNF:0
FNH:0
DA:52,14539
DA:66,0
DA:71,0
DA:84,4840
DA:85,4840
DA:86,4840
DA:92,9699
DA:98,4840
DA:99,4840
DA:101,0
DA:108,9699
DA:112,9699
LF:12
LH:9
end_of_record
TN:
SF:/usr/include/c++/13/initializer_list
FN:69,69,_ZNKSt16initializer_listIDiE4sizeEv
FN:73,73,_ZNKSt16initializer_listIDiE5beginEv
FN:77,77,_ZNKSt16initializer_listIDiE3endEv
FNDA:4,_ZNKSt16initializer_listIDiE4sizeEv
FNDA:8,_ZNKSt16initializer_listIDiE5beginEv
FNDA:4,_ZNKSt16initializer_listIDiE3endEv
FNF:3
FNH:3
DA:69,4
DA:73,8
DA:77,4
LF:3
LH:3
end_of_record
TN:
SF:/usr/include/c++/13/limits
FN:1697,1697,_ZNSt14numeric_limitsIfE7epsilonEv
FNDA:3736,_ZNSt14numeric_limitsIfE7epsilonEv
FNF:1
FNH:1
DA:1697,3736
LF:1
LH:1
end_of_record
TN:
SF:/usr/include/c++/13/new
FN:174,175,_ZnwmPv
FN:180,180,_ZdlPvS_
FNDA:60839,_ZnwmPv
FNDA:0,_ZdlPvS_
FNF:2
FNH:1
DA:174,60839
DA:175,60839
DA:180,0
LF:3
LH:2
end_of_record
TN:
SF:/usr/include/x86_64-linux-gnu/c++/13/bits/c++config.h
FN:540,551,_ZSt23__is_constant_evaluatedv
FNDA:2315,_ZSt23__is_constant_evaluatedv
FNF:1
FNH:1
DA:540,2315
DA:547,2315
LF:2
LH:2
end_of_record
